02:46:23 **** Clean-only build of configuration Default for project grabber4 ****
make clean 
02:47:30 **** Build of configuration Default for project grabber4 ****
make all 
[ 33%] Building CXX object CMakeFiles/grabber4.dir/grabber.cpp.o
[ 66%] Building CXX object CMakeFiles/grabber4.dir/utils.cpp.o
/home/pi/java_proj/gitHub/myFirstRepos/opencv/grabber4/utils.cpp: In function ‘void initApp(int, char**)’:
/home/pi/java_proj/gitHub/myFirstRepos/opencv/grabber4/utils.cpp:43:44: error: ‘headless’ was not declared in this scope
                 if (args[i] == "headless") headless = true;
                                            ^
make[2]: *** [CMakeFiles/grabber4.dir/utils.cpp.o] Error 1
CMakeFiles/grabber4.dir/build.make:86: recipe for target 'CMakeFiles/grabber4.dir/utils.cpp.o' failed
make[1]: *** [CMakeFiles/grabber4.dir/all] Error 2
CMakeFiles/Makefile2:67: recipe for target 'CMakeFiles/grabber4.dir/all' failed
make: *** [all] Error 2
Makefile:83: recipe for target 'all' failed
02:49:12 **** Incremental Build of configuration Default for project grabber4 ****
make all 
Scanning dependencies of target grabber4
[ 33%] Building CXX object CMakeFiles/grabber4.dir/grabber.cpp.o
[ 66%] Building CXX object CMakeFiles/grabber4.dir/utils.cpp.o
/home/pi/java_proj/gitHub/myFirstRepos/opencv/grabber4/utils.cpp: In function ‘void initApp(int, char**)’:
/home/pi/java_proj/gitHub/myFirstRepos/opencv/grabber4/utils.cpp:43:44: error: ‘isHeadless’ was not declared in this scope
                 if (args[i] == "headless") isHeadless = true;
                                            ^
CMakeFiles/grabber4.dir/build.make:86: recipe for target 'CMakeFiles/grabber4.dir/utils.cpp.o' failed
CMakeFiles/Makefile2:67: recipe for target 'CMakeFiles/grabber4.dir/all' failed
Makefile:83: recipe for target 'all' failed
make[2]: *** [CMakeFiles/grabber4.dir/utils.cpp.o] Error 1
make[1]: *** [CMakeFiles/grabber4.dir/all] Error 2
make: *** [all] Error 2
02:51:31 **** Incremental Build of configuration Default for project grabber4 ****
make all 
Scanning dependencies of target grabber4
[ 33%] Building CXX object CMakeFiles/grabber4.dir/utils.cpp.o
/home/pi/java_proj/gitHub/myFirstRepos/opencv/grabber4/utils.cpp: In function ‘void initApp(int, char**)’:
/home/pi/java_proj/gitHub/myFirstRepos/opencv/grabber4/utils.cpp:44:16: error: ‘isHeadless’ was not declared in this scope
                isHeadless = true;
                ^
CMakeFiles/grabber4.dir/build.make:86: recipe for target 'CMakeFiles/grabber4.dir/utils.cpp.o' failed
make[2]: *** [CMakeFiles/grabber4.dir/utils.cpp.o] Error 1
CMakeFiles/Makefile2:67: recipe for target 'CMakeFiles/grabber4.dir/all' failed
Makefile:83: recipe for target 'all' failed
make[1]: *** [CMakeFiles/grabber4.dir/all] Error 2
make: *** [all] Error 2
02:55:38 **** Incremental Build of configuration Default for project grabber4 ****
make all 
Scanning dependencies of target grabber4
[ 33%] Building CXX object CMakeFiles/grabber4.dir/grabber.cpp.o
In file included from /home/pi/java_proj/gitHub/myFirstRepos/opencv/grabber4/grabber.cpp:30:0:
/home/pi/java_proj/gitHub/myFirstRepos/opencv/grabber4/utils.hh:25:9: error: ISO C++ forbids declaration of ‘Utils’ with no type [-fpermissive]
   Utils();
         ^
/home/pi/java_proj/gitHub/myFirstRepos/opencv/grabber4/grabber.cpp: In function ‘int main(int, char**)’:
/home/pi/java_proj/gitHub/myFirstRepos/opencv/grabber4/grabber.cpp:47:5: error: ‘Utils’ was not declared in this scope
     Utils meUtils;
     ^
/home/pi/java_proj/gitHub/myFirstRepos/opencv/grabber4/grabber.cpp:49:5: error: ‘meUtils’ was not declared in this scope
     meUtils.initApp(argCnt, args);
     ^
/home/pi/java_proj/gitHub/myFirstRepos/opencv/grabber4/grabber.cpp:194:6: error: ‘Utils’ is not a class or namespace
      Utils::saveImageFile( saveFrame );
      ^
/home/pi/java_proj/gitHub/myFirstRepos/opencv/grabber4/grabber.cpp:231:32: error: ‘Utils’ is not a class or namespace
           string timeDateStr = Utils::getDateTimeStr();
                                ^
/home/pi/java_proj/gitHub/myFirstRepos/opencv/grabber4/grabber.cpp:232:5: error: ‘Utils’ is not a class or namespace
     Utils::saveImageFile( frameCam1, "c1", line18cnt , timeDateStr);
     ^
/home/pi/java_proj/gitHub/myFirstRepos/opencv/grabber4/grabber.cpp:233:5: error: ‘Utils’ is not a class or namespace
     Utils::saveImageFile( frameCam2, "c2", line18cnt , timeDateStr);
     ^
/home/pi/java_proj/gitHub/myFirstRepos/opencv/grabber4/grabber.cpp:234:5: error: ‘Utils’ is not a class or namespace
     Utils::saveImageFile( frameCam2_cor, "c2eq", line18cnt , timeDateStr);
     ^
CMakeFiles/grabber4.dir/build.make:62: recipe for target 'CMakeFiles/grabber4.dir/grabber.cpp.o' failed
make[2]: *** [CMakeFiles/grabber4.dir/grabber.cpp.o] Error 1
CMakeFiles/Makefile2:67: recipe for target 'CMakeFiles/grabber4.dir/all' failed
make[1]: *** [CMakeFiles/grabber4.dir/all] Error 2
Makefile:83: recipe for target 'all' failed
make: *** [all] Error 2
02:56:22 **** Incremental Build of configuration Default for project grabber4 ****
make all 
Scanning dependencies of target grabber4
[ 33%] Building CXX object CMakeFiles/grabber4.dir/grabber.cpp.o
/home/pi/java_proj/gitHub/myFirstRepos/opencv/grabber4/grabber.cpp: In function ‘int main(int, char**)’:
/home/pi/java_proj/gitHub/myFirstRepos/opencv/grabber4/grabber.cpp:47:5: error: ‘Utils’ was not declared in this scope
     Utils meUtils;
     ^
/home/pi/java_proj/gitHub/myFirstRepos/opencv/grabber4/grabber.cpp:49:5: error: ‘meUtils’ was not declared in this scope
     meUtils.initApp(argCnt, args);
     ^
/home/pi/java_proj/gitHub/myFirstRepos/opencv/grabber4/grabber.cpp:194:6: error: ‘Utils’ is not a class or namespace
      Utils::saveImageFile( saveFrame );
      ^
/home/pi/java_proj/gitHub/myFirstRepos/opencv/grabber4/grabber.cpp:231:32: error: ‘Utils’ is not a class or namespace
           string timeDateStr = Utils::getDateTimeStr();
                                ^
/home/pi/java_proj/gitHub/myFirstRepos/opencv/grabber4/grabber.cpp:232:5: error: ‘Utils’ is not a class or namespace
     Utils::saveImageFile( frameCam1, "c1", line18cnt , timeDateStr);
     ^
/home/pi/java_proj/gitHub/myFirstRepos/opencv/grabber4/grabber.cpp:233:5: error: ‘Utils’ is not a class or namespace
     Utils::saveImageFile( frameCam2, "c2", line18cnt , timeDateStr);
     ^
/home/pi/java_proj/gitHub/myFirstRepos/opencv/grabber4/grabber.cpp:234:5: error: ‘Utils’ is not a class or namespace
     Utils::saveImageFile( frameCam2_cor, "c2eq", line18cnt , timeDateStr);
     ^
CMakeFiles/grabber4.dir/build.make:62: recipe for target 'CMakeFiles/grabber4.dir/grabber.cpp.o' failed
make[2]: *** [CMakeFiles/grabber4.dir/grabber.cpp.o] Error 1
make[1]: *** [CMakeFiles/grabber4.dir/all] Error 2
make: *** [all] Error 2
CMakeFiles/Makefile2:67: recipe for target 'CMakeFiles/grabber4.dir/all' failed
Makefile:83: recipe for target 'all' failed
02:58:06 **** Incremental Build of configuration Default for project grabber4 ****
make all 
Scanning dependencies of target grabber4
[ 33%] Building CXX object CMakeFiles/grabber4.dir/grabber.cpp.o
/home/pi/java_proj/gitHub/myFirstRepos/opencv/grabber4/grabber.cpp: In function ‘int main(int, char**)’:
/home/pi/java_proj/gitHub/myFirstRepos/opencv/grabber4/grabber.cpp:47:5: error: ‘Utils’ was not declared in this scope
     Utils meUtils;
     ^
/home/pi/java_proj/gitHub/myFirstRepos/opencv/grabber4/grabber.cpp:49:5: error: ‘meUtils’ was not declared in this scope
     meUtils.initApp(argCnt, args);
     ^
/home/pi/java_proj/gitHub/myFirstRepos/opencv/grabber4/grabber.cpp:194:6: error: ‘meUtil’ was not declared in this scope
      meUtil.saveImageFile( saveFrame );
      ^
/home/pi/java_proj/gitHub/myFirstRepos/opencv/grabber4/grabber.cpp:231:32: error: ‘Utils’ is not a class or namespace
           string timeDateStr = Utils::getDateTimeStr();
                                ^
/home/pi/java_proj/gitHub/myFirstRepos/opencv/grabber4/grabber.cpp:232:5: error: ‘meUtil’ was not declared in this scope
     meUtil.saveImageFile( frameCam1, "c1", line18cnt , timeDateStr);
     ^
CMakeFiles/grabber4.dir/build.make:62: recipe for target 'CMakeFiles/grabber4.dir/grabber.cpp.o' failed
make[2]: *** [CMakeFiles/grabber4.dir/grabber.cpp.o] Error 1
CMakeFiles/Makefile2:67: recipe for target 'CMakeFiles/grabber4.dir/all' failed
make[1]: *** [CMakeFiles/grabber4.dir/all] Error 2
Makefile:83: recipe for target 'all' failed
make: *** [all] Error 2
03:02:21 **** Incremental Build of configuration Default for project grabber4 ****
make all 
Scanning dependencies of target grabber4
[ 33%] Building CXX object CMakeFiles/grabber4.dir/grabber.cpp.o
In file included from /home/pi/java_proj/gitHub/myFirstRepos/opencv/grabber4/grabber.cpp:30:0:
/home/pi/java_proj/gitHub/myFirstRepos/opencv/grabber4/utils.hh:25:8: error: ISO C++ forbids declaration of ‘Utils’ with no type [-fpermissive]
  Utils();
        ^
/home/pi/java_proj/gitHub/myFirstRepos/opencv/grabber4/grabber.cpp: In function ‘int main(int, char**)’:
/home/pi/java_proj/gitHub/myFirstRepos/opencv/grabber4/grabber.cpp:47:5: error: ‘Utils’ was not declared in this scope
     Utils meUtils;
     ^
/home/pi/java_proj/gitHub/myFirstRepos/opencv/grabber4/grabber.cpp:49:5: error: ‘meUtils’ was not declared in this scope
     meUtils.initApp(argCnt, args);
     ^
/home/pi/java_proj/gitHub/myFirstRepos/opencv/grabber4/grabber.cpp:194:6: error: ‘meUtil’ was not declared in this scope
      meUtil.saveImageFile( saveFrame );
      ^
/home/pi/java_proj/gitHub/myFirstRepos/opencv/grabber4/grabber.cpp:231:32: error: ‘Utils’ is not a class or namespace
           string timeDateStr = Utils::getDateTimeStr();
                                ^
/home/pi/java_proj/gitHub/myFirstRepos/opencv/grabber4/grabber.cpp:232:5: error: ‘meUtil’ was not declared in this scope
     meUtil.saveImageFile( frameCam1, "c1", line18cnt , timeDateStr);
     ^
make[2]: *** [CMakeFiles/grabber4.dir/grabber.cpp.o] Error 1
CMakeFiles/grabber4.dir/build.make:62: recipe for target 'CMakeFiles/grabber4.dir/grabber.cpp.o' failed
CMakeFiles/Makefile2:67: recipe for target 'CMakeFiles/grabber4.dir/all' failed
Makefile:83: recipe for target 'all' failed
make[1]: *** [CMakeFiles/grabber4.dir/all] Error 2
make: *** [all] Error 2
03:03:45 **** Incremental Build of configuration Default for project grabber4 ****
make all 
Scanning dependencies of target grabber4
[ 33%] Building CXX object CMakeFiles/grabber4.dir/grabber.cpp.o
/home/pi/java_proj/gitHub/myFirstRepos/opencv/grabber4/grabber.cpp: In function ‘int main(int, char**)’:
/home/pi/java_proj/gitHub/myFirstRepos/opencv/grabber4/grabber.cpp:194:6: error: ‘meUtil’ was not declared in this scope
      meUtil.saveImageFile( saveFrame );
      ^
/home/pi/java_proj/gitHub/myFirstRepos/opencv/grabber4/grabber.cpp:231:54: error: cannot call member function ‘std::string Utils::getDateTimeStr()’ without object
           string timeDateStr = Utils::getDateTimeStr();
                                                      ^
/home/pi/java_proj/gitHub/myFirstRepos/opencv/grabber4/grabber.cpp:232:5: error: ‘meUtil’ was not declared in this scope
     meUtil.saveImageFile( frameCam1, "c1", line18cnt , timeDateStr);
     ^
make[2]: *** [CMakeFiles/grabber4.dir/grabber.cpp.o] Error 1
CMakeFiles/grabber4.dir/build.make:62: recipe for target 'CMakeFiles/grabber4.dir/grabber.cpp.o' failed
make[1]: *** [CMakeFiles/grabber4.dir/all] Error 2
CMakeFiles/Makefile2:67: recipe for target 'CMakeFiles/grabber4.dir/all' failed
Makefile:83: recipe for target 'all' failed
make: *** [all] Error 2
03:05:39 **** Incremental Build of configuration Default for project grabber4 ****
make all 
Scanning dependencies of target grabber4
[ 33%] Building CXX object CMakeFiles/grabber4.dir/grabber.cpp.o
/home/pi/java_proj/gitHub/myFirstRepos/opencv/grabber4/grabber.cpp: In function ‘int main(int, char**)’:
/home/pi/java_proj/gitHub/myFirstRepos/opencv/grabber4/grabber.cpp:231:32: error: ‘meUtil’ was not declared in this scope
           string timeDateStr = meUtil.getDateTimeStr();
                                ^
make[2]: *** [CMakeFiles/grabber4.dir/grabber.cpp.o] Error 1
CMakeFiles/grabber4.dir/build.make:62: recipe for target 'CMakeFiles/grabber4.dir/grabber.cpp.o' failed
make[1]: *** [CMakeFiles/grabber4.dir/all] Error 2
CMakeFiles/Makefile2:67: recipe for target 'CMakeFiles/grabber4.dir/all' failed
Makefile:83: recipe for target 'all' failed
make: *** [all] Error 2
03:07:08 **** Incremental Build of configuration Default for project grabber4 ****
make all 
Scanning dependencies of target grabber4
[ 33%] Building CXX object CMakeFiles/grabber4.dir/grabber.cpp.o
[ 66%] Building CXX object CMakeFiles/grabber4.dir/utils.cpp.o
/home/pi/java_proj/gitHub/myFirstRepos/opencv/grabber4/utils.cpp:21:7: error: redefinition of ‘class Utils’
 class Utils
       ^
In file included from /home/pi/java_proj/gitHub/myFirstRepos/opencv/grabber4/utils.cpp:15:0:
/home/pi/java_proj/gitHub/myFirstRepos/opencv/grabber4/utils.hh:21:7: error: previous definition of ‘class Utils’
 class Utils
       ^
CMakeFiles/grabber4.dir/build.make:86: recipe for target 'CMakeFiles/grabber4.dir/utils.cpp.o' failed
make[2]: *** [CMakeFiles/grabber4.dir/utils.cpp.o] Error 1
CMakeFiles/Makefile2:67: recipe for target 'CMakeFiles/grabber4.dir/all' failed
make[1]: *** [CMakeFiles/grabber4.dir/all] Error 2
Makefile:83: recipe for target 'all' failed
make: *** [all] Error 2
03:08:26 **** Incremental Build of configuration Default for project grabber4 ****
make all 
Scanning dependencies of target grabber4
[ 33%] Building CXX object CMakeFiles/grabber4.dir/utils.cpp.o
/home/pi/java_proj/gitHub/myFirstRepos/opencv/grabber4/utils.cpp: In function ‘void initApp(int, char**)’:
/home/pi/java_proj/gitHub/myFirstRepos/opencv/grabber4/utils.cpp:43:44: error: ‘isHeadless’ was not declared in this scope
                 if (args[i] == "headless") isHeadless = true;
                                            ^
make[2]: *** [CMakeFiles/grabber4.dir/utils.cpp.o] Error 1
CMakeFiles/grabber4.dir/build.make:86: recipe for target 'CMakeFiles/grabber4.dir/utils.cpp.o' failed
make[1]: *** [CMakeFiles/grabber4.dir/all] Error 2
CMakeFiles/Makefile2:67: recipe for target 'CMakeFiles/grabber4.dir/all' failed
make: *** [all] Error 2
Makefile:83: recipe for target 'all' failed
03:10:26 **** Incremental Build of configuration Default for project grabber4 ****
make all 
Scanning dependencies of target grabber4
[ 33%] Building CXX object CMakeFiles/grabber4.dir/grabber.cpp.o
In file included from /home/pi/java_proj/gitHub/myFirstRepos/opencv/grabber4/grabber.cpp:30:0:
/home/pi/java_proj/gitHub/myFirstRepos/opencv/grabber4/utils.hh:35:24: warning: non-static data member initializers only available with -std=c++11 or -std=gnu++11
      bool isHeadless = false;
                        ^
[ 66%] Building CXX object CMakeFiles/grabber4.dir/utils.cpp.o
In file included from /home/pi/java_proj/gitHub/myFirstRepos/opencv/grabber4/utils.cpp:15:0:
/home/pi/java_proj/gitHub/myFirstRepos/opencv/grabber4/utils.hh:35:24: warning: non-static data member initializers only available with -std=c++11 or -std=gnu++11
      bool isHeadless = false;
                        ^
/home/pi/java_proj/gitHub/myFirstRepos/opencv/grabber4/utils.cpp: In function ‘void initApp(int, char**)’:
/home/pi/java_proj/gitHub/myFirstRepos/opencv/grabber4/utils.cpp:43:44: error: ‘isHeadless’ was not declared in this scope
                 if (args[i] == "headless") isHeadless = true;
                                            ^
CMakeFiles/grabber4.dir/build.make:86: recipe for target 'CMakeFiles/grabber4.dir/utils.cpp.o' failed
make[2]: *** [CMakeFiles/grabber4.dir/utils.cpp.o] Error 1
CMakeFiles/Makefile2:67: recipe for target 'CMakeFiles/grabber4.dir/all' failed
make[1]: *** [CMakeFiles/grabber4.dir/all] Error 2
Makefile:83: recipe for target 'all' failed
make: *** [all] Error 2
03:12:29 **** Incremental Build of configuration Default for project grabber4 ****
make all 
Scanning dependencies of target grabber4
[ 33%] Building CXX object CMakeFiles/grabber4.dir/grabber.cpp.o
[ 66%] Building CXX object CMakeFiles/grabber4.dir/utils.cpp.o
[100%] Linking CXX executable grabber4
[100%] Built target grabber4
04:14:45 **** Incremental Build of configuration Default for project grabber4 ****
make all 
Scanning dependencies of target grabber4
[ 33%] Building CXX object CMakeFiles/grabber4.dir/grabber.cpp.o
In file included from /home/pi/java_proj/gitHub/myFirstRepos/opencv/grabber4/grabber.cpp:30:0:
/home/pi/java_proj/gitHub/myFirstRepos/opencv/grabber4/utils.hh: In member function ‘bool Utils::isHeadless()’:
/home/pi/java_proj/gitHub/myFirstRepos/opencv/grabber4/utils.hh:32:36: error: cannot convert ‘Utils::isHeadless’ from type ‘bool (Utils::)()’ to type ‘bool’
         bool isHeadless() { return isHeadless; }
                                    ^
make[2]: *** [CMakeFiles/grabber4.dir/grabber.cpp.o] Error 1
CMakeFiles/grabber4.dir/build.make:62: recipe for target 'CMakeFiles/grabber4.dir/grabber.cpp.o' failed
make[1]: *** [CMakeFiles/grabber4.dir/all] Error 2
CMakeFiles/Makefile2:67: recipe for target 'CMakeFiles/grabber4.dir/all' failed
Makefile:83: recipe for target 'all' failed
make: *** [all] Error 2
04:15:17 **** Incremental Build of configuration Default for project grabber4 ****
make all 
Scanning dependencies of target grabber4
[ 33%] Building CXX object CMakeFiles/grabber4.dir/grabber.cpp.o
[ 66%] Building CXX object CMakeFiles/grabber4.dir/utils.cpp.o
/home/pi/java_proj/gitHub/myFirstRepos/opencv/grabber4/utils.cpp: In constructor ‘Utils::Utils()’:
/home/pi/java_proj/gitHub/myFirstRepos/opencv/grabber4/utils.cpp:24:18: error: invalid use of member function (did you forget the ‘()’ ?)
       isHeadless = false;
                  ^
make[2]: *** [CMakeFiles/grabber4.dir/utils.cpp.o] Error 1
CMakeFiles/grabber4.dir/build.make:86: recipe for target 'CMakeFiles/grabber4.dir/utils.cpp.o' failed
CMakeFiles/Makefile2:67: recipe for target 'CMakeFiles/grabber4.dir/all' failed
Makefile:83: recipe for target 'all' failed
make[1]: *** [CMakeFiles/grabber4.dir/all] Error 2
make: *** [all] Error 2
04:15:52 **** Incremental Build of configuration Default for project grabber4 ****
make all 
Scanning dependencies of target grabber4
[ 33%] Building CXX object CMakeFiles/grabber4.dir/utils.cpp.o
[ 66%] Linking CXX executable grabber4
[100%] Built target grabber4
04:19:10 **** Incremental Build of configuration Default for project grabber4 ****
make all 
Scanning dependencies of target grabber4
[ 33%] Building CXX object CMakeFiles/grabber4.dir/utils.cpp.o
/home/pi/java_proj/gitHub/myFirstRepos/opencv/grabber4/utils.cpp: In member function ‘void Utils::initApp(int, char**)’:
/home/pi/java_proj/gitHub/myFirstRepos/opencv/grabber4/utils.cpp:45:55: error: ISO C++ forbids comparison between pointer and integer [-fpermissive]
                 if (strcmp( args[i],  "headless")  == "headless")
                                                       ^
make[2]: *** [CMakeFiles/grabber4.dir/utils.cpp.o] Error 1
CMakeFiles/grabber4.dir/build.make:86: recipe for target 'CMakeFiles/grabber4.dir/utils.cpp.o' failed
make[1]: *** [CMakeFiles/grabber4.dir/all] Error 2
CMakeFiles/Makefile2:67: recipe for target 'CMakeFiles/grabber4.dir/all' failed
make: *** [all] Error 2
Makefile:83: recipe for target 'all' failed
04:21:25 **** Incremental Build of configuration Default for project grabber4 ****
make all 
Scanning dependencies of target grabber4
[ 33%] Building CXX object CMakeFiles/grabber4.dir/utils.cpp.o
[ 66%] Linking CXX executable grabber4
[100%] Built target grabber4
04:22:33 **** Incremental Build of configuration Default for project grabber4 ****
make all 
[100%] Built target grabber4
07:31:07 **** Incremental Build of configuration Default for project grabber4 ****
make all 
Scanning dependencies of target grabber4
[ 33%] Building CXX object CMakeFiles/grabber4.dir/grabber.cpp.o
[ 66%] Building CXX object CMakeFiles/grabber4.dir/utils.cpp.o
/home/pi/java_proj/gitHub/myFirstRepos/opencv/grabber4/utils.cpp:54:14: error: redefinition of ‘bool Utils::isHeadless()’
         bool Utils::isHeadless()
              ^
In file included from /home/pi/java_proj/gitHub/myFirstRepos/opencv/grabber4/utils.cpp:16:0:
/home/pi/java_proj/gitHub/myFirstRepos/opencv/grabber4/utils.hh:32:14: note: ‘bool Utils::isHeadless()’ previously defined here
         bool isHeadless() { return headless; }
              ^
CMakeFiles/grabber4.dir/build.make:86: recipe for target 'CMakeFiles/grabber4.dir/utils.cpp.o' failed
make[2]: *** [CMakeFiles/grabber4.dir/utils.cpp.o] Error 1
CMakeFiles/Makefile2:67: recipe for target 'CMakeFiles/grabber4.dir/all' failed
make[1]: *** [CMakeFiles/grabber4.dir/all] Error 2
Makefile:83: recipe for target 'all' failed
make: *** [all] Error 2
07:31:50 **** Incremental Build of configuration Default for project grabber4 ****
make all 
Scanning dependencies of target grabber4
[ 33%] Building CXX object CMakeFiles/grabber4.dir/grabber.cpp.o
[ 66%] Building CXX object CMakeFiles/grabber4.dir/utils.cpp.o
[100%] Linking CXX executable grabber4
[100%] Built target grabber4
07:33:03 **** Incremental Build of configuration Default for project grabber4 ****
make all 
Scanning dependencies of target grabber4
[ 33%] Building CXX object CMakeFiles/grabber4.dir/utils.cpp.o
[ 66%] Linking CXX executable grabber4
[100%] Built target grabber4
13:13:16 **** Incremental Build of configuration Default for project grabber4 ****
make all 
[100%] Built target grabber4
15:52:36 **** Incremental Build of configuration Default for project grabber4 ****
make all 
[100%] Built target grabber4
02:59:56 **** Incremental Build of configuration Default for project grabber4 ****
make all 
Scanning dependencies of target grabber4
[ 33%] Building CXX object CMakeFiles/grabber4.dir/grabber.cpp.o
[ 66%] Linking CXX executable grabber4
[100%] Built target grabber4
21:42:54 **** Incremental Build of configuration Default for project grabber4 ****
make all 
[100%] Built target grabber4
05:18:04 **** Incremental Build of configuration Default for project grabber4 ****
make all 
Scanning dependencies of target grabber4
[ 33%] Building CXX object CMakeFiles/grabber4.dir/grabber.cpp.o
[ 66%] Linking CXX executable grabber4
[100%] Built target grabber4
05:21:25 **** Incremental Build of configuration Default for project grabber4 ****
make all 
Scanning dependencies of target grabber4
[ 33%] Building CXX object CMakeFiles/grabber4.dir/grabber.cpp.o
[ 66%] Linking CXX executable grabber4
[100%] Built target grabber4
05:25:18 **** Incremental Build of configuration Default for project grabber4 ****
make all 
Scanning dependencies of target grabber4
[ 33%] Building CXX object CMakeFiles/grabber4.dir/grabber.cpp.o
/home/pi/java_proj/gitHub/myFirstRepos/opencv/grabber4/grabber.cpp:263:20: error: expected constructor, destructor, or type conversion before ‘;’ token
     gpioTerminate();
                    ^
/home/pi/java_proj/gitHub/myFirstRepos/opencv/grabber4/grabber.cpp:265:5: error: ‘cout’ does not name a type
     cout << "Little grabber stopped.  Enjoy the day!\n";
     ^
/home/pi/java_proj/gitHub/myFirstRepos/opencv/grabber4/grabber.cpp:266:5: error: expected unqualified-id before ‘return’
     return 0;
     ^
/home/pi/java_proj/gitHub/myFirstRepos/opencv/grabber4/grabber.cpp:267:1: error: expected declaration before ‘}’ token
 }
 ^
CMakeFiles/grabber4.dir/build.make:62: recipe for target 'CMakeFiles/grabber4.dir/grabber.cpp.o' failed
CMakeFiles/Makefile2:67: recipe for target 'CMakeFiles/grabber4.dir/all' failed
make[2]: *** [CMakeFiles/grabber4.dir/grabber.cpp.o] Error 1
Makefile:83: recipe for target 'all' failed
make[1]: *** [CMakeFiles/grabber4.dir/all] Error 2
make: *** [all] Error 2
05:26:20 **** Incremental Build of configuration Default for project grabber4 ****
make all 
Scanning dependencies of target grabber4
[ 33%] Building CXX object CMakeFiles/grabber4.dir/grabber.cpp.o
/home/pi/java_proj/gitHub/myFirstRepos/opencv/grabber4/grabber.cpp:257:20: error: expected constructor, destructor, or type conversion before ‘;’ token
     gpioTerminate();
                    ^
/home/pi/java_proj/gitHub/myFirstRepos/opencv/grabber4/grabber.cpp:259:5: error: ‘cout’ does not name a type
     cout << "Little grabber stopped.  Enjoy the day!\n";
     ^
/home/pi/java_proj/gitHub/myFirstRepos/opencv/grabber4/grabber.cpp:260:5: error: expected unqualified-id before ‘return’
     return 0;
     ^
/home/pi/java_proj/gitHub/myFirstRepos/opencv/grabber4/grabber.cpp:261:1: error: expected declaration before ‘}’ token
 }
 ^
CMakeFiles/grabber4.dir/build.make:62: recipe for target 'CMakeFiles/grabber4.dir/grabber.cpp.o' failed
make[2]: *** [CMakeFiles/grabber4.dir/grabber.cpp.o] Error 1
CMakeFiles/Makefile2:67: recipe for target 'CMakeFiles/grabber4.dir/all' failed
make[1]: *** [CMakeFiles/grabber4.dir/all] Error 2
make: *** [all] Error 2
Makefile:83: recipe for target 'all' failed
05:27:37 **** Incremental Build of configuration Default for project grabber4 ****
make all 
Scanning dependencies of target grabber4
[ 33%] Building CXX object CMakeFiles/grabber4.dir/grabber.cpp.o
/home/pi/java_proj/gitHub/myFirstRepos/opencv/grabber4/grabber.cpp:259:20: error: expected constructor, destructor, or type conversion before ‘;’ token
     gpioTerminate();
                    ^
/home/pi/java_proj/gitHub/myFirstRepos/opencv/grabber4/grabber.cpp:261:5: error: ‘cout’ does not name a type
     cout << "Little grabber stopped.  Enjoy the day!\n";
     ^
/home/pi/java_proj/gitHub/myFirstRepos/opencv/grabber4/grabber.cpp:262:5: error: expected unqualified-id before ‘return’
     return 0;
     ^
/home/pi/java_proj/gitHub/myFirstRepos/opencv/grabber4/grabber.cpp:263:1: error: expected declaration before ‘}’ token
 }
 ^
make[2]: *** [CMakeFiles/grabber4.dir/grabber.cpp.o] Error 1
CMakeFiles/grabber4.dir/build.make:62: recipe for target 'CMakeFiles/grabber4.dir/grabber.cpp.o' failed
make[1]: *** [CMakeFiles/grabber4.dir/all] Error 2
CMakeFiles/Makefile2:67: recipe for target 'CMakeFiles/grabber4.dir/all' failed
Makefile:83: recipe for target 'all' failed
make: *** [all] Error 2
05:29:07 **** Incremental Build of configuration Default for project grabber4 ****
make all 
Scanning dependencies of target grabber4
[ 33%] Building CXX object CMakeFiles/grabber4.dir/grabber.cpp.o
[ 66%] Linking CXX executable grabber4
[100%] Built target grabber4
05:35:55 **** Incremental Build of configuration Default for project grabber4 ****
make all 
Scanning dependencies of target grabber4
[ 33%] Building CXX object CMakeFiles/grabber4.dir/grabber.cpp.o
[ 66%] Linking CXX executable grabber4
[100%] Built target grabber4
04:24:27 **** Incremental Build of configuration Default for project grabber4 ****
make all 
Scanning dependencies of target grabber4
[ 33%] Building CXX object CMakeFiles/grabber4.dir/grabber.cpp.o
[ 66%] Linking CXX executable grabber4
[100%] Built target grabber4
18:06:35 **** Incremental Build of configuration Default for project grabber4 ****
make all 
[100%] Built target grabber4
18:09:43 **** Incremental Build of configuration Default for project grabber4 ****
make all 
[100%] Built target grabber4
20:06:44 **** Incremental Build of configuration Default for project grabber4 ****
make all 
Scanning dependencies of target grabber4
[ 33%] Building CXX object CMakeFiles/grabber4.dir/grabber.cpp.o
[ 66%] Linking CXX executable grabber4
[100%] Built target grabber4
16:11:20 **** Incremental Build of configuration Default for project grabber4 ****
make all 
[100%] Built target grabber4
16:15:00 **** Incremental Build of configuration Default for project grabber4 ****
make all 
[100%] Built target grabber4
16:16:34 **** Incremental Build of configuration Default for project grabber4 ****
make all 
[100%] Built target grabber4
16:16:35 **** Incremental Build of configuration Default for project grabber4 ****
make all 
[100%] Built target grabber4
16:18:56 **** Incremental Build of configuration Default for project grabber4 ****
make all 
[100%] Built target grabber4
16:22:20 **** Incremental Build of configuration Default for project grabber4 ****
make all 
Scanning dependencies of target grabber4
[ 33%] Building CXX object CMakeFiles/grabber4.dir/utils.cpp.o
[ 66%] Linking CXX executable grabber4
[100%] Built target grabber4
16:26:28 **** Incremental Build of configuration Default for project grabber4 ****
make all 
[100%] Built target grabber4
16:29:30 **** Incremental Build of configuration Default for project grabber4 ****
make all 
Scanning dependencies of target grabber4
[ 33%] Building CXX object CMakeFiles/grabber4.dir/grabber.cpp.o
[ 66%] Linking CXX executable grabber4
[100%] Built target grabber4
16:31:05 **** Incremental Build of configuration Default for project grabber4 ****
make all 
[100%] Built target grabber4
16:32:26 **** Incremental Build of configuration Default for project grabber4 ****
make all 
Scanning dependencies of target grabber4
[ 33%] Building CXX object CMakeFiles/grabber4.dir/utils.cpp.o
[ 66%] Linking CXX executable grabber4
[100%] Built target grabber4
16:33:02 **** Incremental Build of configuration Default for project grabber4 ****
make all 
[100%] Built target grabber4
16:36:22 **** Incremental Build of configuration Default for project grabber4 ****
make all 
Scanning dependencies of target grabber4
[ 33%] Building CXX object CMakeFiles/grabber4.dir/utils.cpp.o
[ 66%] Linking CXX executable grabber4
[100%] Built target grabber4
16:37:00 **** Incremental Build of configuration Default for project grabber4 ****
make all 
[100%] Built target grabber4
16:39:18 **** Incremental Build of configuration Default for project grabber4 ****
make all 
Scanning dependencies of target grabber4
[ 33%] Building CXX object CMakeFiles/grabber4.dir/utils.cpp.o
[ 66%] Linking CXX executable grabber4
[100%] Built target grabber4
16:39:41 **** Incremental Build of configuration Default for project grabber4 ****
make all 
[100%] Built target grabber4
16:41:06 **** Clean-only build of configuration Default for project grabber4 ****
make clean 
16:41:13 **** Build of configuration Default for project grabber4 ****
make all 
Scanning dependencies of target grabber4
[ 33%] Building CXX object CMakeFiles/grabber4.dir/grabber.cpp.o
[ 66%] Building CXX object CMakeFiles/grabber4.dir/utils.cpp.o
[100%] Linking CXX executable grabber4
[100%] Built target grabber4
16:47:04 **** Incremental Build of configuration Default for project grabber4 ****
make all 
Scanning dependencies of target grabber4
[ 33%] Building CXX object CMakeFiles/grabber4.dir/utils.cpp.o
[ 66%] Linking CXX executable grabber4
[100%] Built target grabber4
16:48:21 **** Incremental Build of configuration Default for project grabber4 ****
make all 
Scanning dependencies of target grabber4
[ 33%] Building CXX object CMakeFiles/grabber4.dir/utils.cpp.o
[ 66%] Linking CXX executable grabber4
[100%] Built target grabber4
16:49:02 **** Incremental Build of configuration Default for project grabber4 ****
make all 
[100%] Built target grabber4
16:57:58 **** Incremental Build of configuration Default for project grabber4 ****
make all 
Scanning dependencies of target grabber4
[ 33%] Building CXX object CMakeFiles/grabber4.dir/utils.cpp.o
[ 66%] Linking CXX executable grabber4
[100%] Built target grabber4
16:58:12 **** Incremental Build of configuration Default for project grabber4 ****
make all 
[100%] Built target grabber4
16:58:41 **** Incremental Build of configuration Default for project grabber4 ****
make all 
[100%] Built target grabber4
16:59:12 **** Incremental Build of configuration Default for project grabber4 ****
make all 
[100%] Built target grabber4
16:59:14 **** Incremental Build of configuration Default for project grabber4 ****
make all 
[100%] Built target grabber4
16:59:15 **** Incremental Build of configuration Default for project grabber4 ****
make all 
[100%] Built target grabber4
17:06:57 **** Incremental Build of configuration Default for project grabber4 ****
make all 
[100%] Built target grabber4
19:36:56 **** Incremental Build of configuration Default for project grabber4 ****
make all 
[100%] Built target grabber4
11:31:21 **** Incremental Build of configuration Default for project grabber4 ****
make all 
[100%] Built target grabber4
20:24:54 **** Incremental Build of configuration Default for project grabber4 ****
make all 
Scanning dependencies of target grabber4
[ 33%] Building CXX object CMakeFiles/grabber4.dir/grabber.cpp.o
[ 66%] Linking CXX executable grabber4
[100%] Built target grabber4
20:30:45 **** Incremental Build of configuration Default for project grabber4 ****
make all 
Scanning dependencies of target grabber4
[ 33%] Building CXX object CMakeFiles/grabber4.dir/grabber.cpp.o
[ 66%] Linking CXX executable grabber4
[100%] Built target grabber4
20:32:40 **** Incremental Build of configuration Default for project grabber4 ****
make all 
Scanning dependencies of target grabber4
[ 33%] Building CXX object CMakeFiles/grabber4.dir/grabber.cpp.o
[ 66%] Linking CXX executable grabber4
[100%] Built target grabber4
10:00:59 **** Incremental Build of configuration Default for project grabber4 ****
make all 
[100%] Built target grabber4
10:03:35 **** Incremental Build of configuration Default for project grabber4 ****
make all 
Scanning dependencies of target grabber4
[ 33%] Building CXX object CMakeFiles/grabber4.dir/grabber.cpp.o
[ 66%] Linking CXX executable grabber4
[100%] Built target grabber4
10:04:29 **** Incremental Build of configuration Default for project grabber4 ****
make all 
Scanning dependencies of target grabber4
[ 33%] Building CXX object CMakeFiles/grabber4.dir/grabber.cpp.o
[ 66%] Linking CXX executable grabber4
[100%] Built target grabber4
10:06:27 **** Incremental Build of configuration Default for project grabber4 ****
make all 
[100%] Built target grabber4
10:08:39 **** Incremental Build of configuration Default for project grabber4 ****
make all 
[100%] Built target grabber4
10:10:22 **** Incremental Build of configuration Default for project grabber4 ****
make all 
[100%] Built target grabber4
10:10:54 **** Incremental Build of configuration Default for project grabber4 ****
make all 
[100%] Built target grabber4
10:11:52 **** Incremental Build of configuration Default for project grabber4 ****
make all 
[100%] Built target grabber4
10:12:50 **** Incremental Build of configuration Default for project grabber4 ****
make all 
[100%] Built target grabber4
12:52:05 **** Incremental Build of configuration Default for project grabber4 ****
make all 
[100%] Built target grabber4
12:53:55 **** Incremental Build of configuration Default for project grabber4 ****
make all 
[100%] Built target grabber4
12:54:10 **** Incremental Build of configuration Default for project grabber4 ****
make all 
[100%] Built target grabber4
12:54:39 **** Incremental Build of configuration Default for project grabber4 ****
make all 
[100%] Built target grabber4
13:00:59 **** Incremental Build of configuration Default for project grabber4 ****
make all 
[100%] Built target grabber4
13:02:40 **** Incremental Build of configuration Default for project grabber4 ****
make all 
[100%] Built target grabber4
13:04:55 **** Incremental Build of configuration Default for project grabber4 ****
make all 
[100%] Built target grabber4
13:05:47 **** Incremental Build of configuration Default for project grabber4 ****
make all 
[100%] Built target grabber4
13:06:33 **** Incremental Build of configuration Default for project grabber4 ****
make all 
[100%] Built target grabber4
13:08:49 **** Incremental Build of configuration Default for project grabber4 ****
make all 
[100%] Built target grabber4
13:10:31 **** Incremental Build of configuration Default for project grabber4 ****
make all 
[100%] Built target grabber4
13:13:47 **** Incremental Build of configuration Default for project grabber4 ****
make all 
[100%] Built target grabber4
13:22:18 **** Incremental Build of configuration Default for project grabber4 ****
make all 
[100%] Built target grabber4
13:22:51 **** Incremental Build of configuration Default for project grabber4 ****
make all 
[100%] Built target grabber4
13:24:12 **** Incremental Build of configuration Default for project grabber4 ****
make all 
[100%] Built target grabber4
13:24:31 **** Incremental Build of configuration Default for project grabber4 ****
make all 
[100%] Built target grabber4
17:42:49 **** Incremental Build of configuration Default for project grabber4 ****
make all 
-- Configuring done
-- Generating done
-- Build files have been written to: /home/pi/java_proj/gitHub/myFirstRepos/opencv/grabber4
[ 33%] Building CXX object CMakeFiles/grabber4.dir/grabber.cpp.o
[ 66%] Building CXX object CMakeFiles/grabber4.dir/utils.cpp.o
[100%] Linking CXX executable grabber4
[100%] Built target grabber4
17:43:12 **** Incremental Build of configuration Default for project grabber4 ****
make all 
[100%] Built target grabber4
17:44:44 **** Incremental Build of configuration Default for project grabber4 ****
make all 
[100%] Built target grabber4
17:45:22 **** Incremental Build of configuration Default for project grabber4 ****
make all 
[100%] Built target grabber4
17:49:28 **** Incremental Build of configuration Default for project grabber4 ****
make all 
Scanning dependencies of target grabber4
[ 33%] Building CXX object CMakeFiles/grabber4.dir/grabber.cpp.o
/home/pi/java_proj/gitHub/myFirstRepos/opencv/grabber4/grabber.cpp: In function ‘int main(int, char**)’:
/home/pi/java_proj/gitHub/myFirstRepos/opencv/grabber4/grabber.cpp:114:27: error: expected ‘;’ before ‘ex’
      cout << "Exception:" ex.msg + endl;
                           ^
/home/pi/java_proj/gitHub/myFirstRepos/opencv/grabber4/grabber.cpp: At global scope:
/home/pi/java_proj/gitHub/myFirstRepos/opencv/grabber4/grabber.cpp:120:5: error: ‘cout’ does not name a type
     cout << "Start my little grabber ...\n" ;
     ^
/home/pi/java_proj/gitHub/myFirstRepos/opencv/grabber4/grabber.cpp:131:5: error: expected unqualified-id before ‘for’
     for (;;)
     ^
/home/pi/java_proj/gitHub/myFirstRepos/opencv/grabber4/grabber.cpp:131:12: error: expected unqualified-id before ‘)’ token
     for (;;)
            ^
CMakeFiles/grabber4.dir/build.make:62: recipe for target 'CMakeFiles/grabber4.dir/grabber.cpp.o' failed
make[2]: *** [CMakeFiles/grabber4.dir/grabber.cpp.o] Error 1
CMakeFiles/Makefile2:67: recipe for target 'CMakeFiles/grabber4.dir/all' failed
make[1]: *** [CMakeFiles/grabber4.dir/all] Error 2
make: *** [all] Error 2
Makefile:83: recipe for target 'all' failed
17:51:39 **** Incremental Build of configuration Default for project grabber4 ****
make all 
Scanning dependencies of target grabber4
[ 33%] Building CXX object CMakeFiles/grabber4.dir/grabber.cpp.o
/home/pi/java_proj/gitHub/myFirstRepos/opencv/grabber4/grabber.cpp: In function ‘int main(int, char**)’:
/home/pi/java_proj/gitHub/myFirstRepos/opencv/grabber4/grabber.cpp:115:27: error: expected ‘;’ before ‘ex’
      cout << "Exception:" ex.msg + endl;
                           ^
make[2]: *** [CMakeFiles/grabber4.dir/grabber.cpp.o] Error 1
CMakeFiles/grabber4.dir/build.make:62: recipe for target 'CMakeFiles/grabber4.dir/grabber.cpp.o' failed
make[1]: *** [CMakeFiles/grabber4.dir/all] Error 2
CMakeFiles/Makefile2:67: recipe for target 'CMakeFiles/grabber4.dir/all' failed
make: *** [all] Error 2
Makefile:83: recipe for target 'all' failed
17:54:13 **** Incremental Build of configuration Default for project grabber4 ****
make all 
Scanning dependencies of target grabber4
[ 33%] Building CXX object CMakeFiles/grabber4.dir/grabber.cpp.o
/home/pi/java_proj/gitHub/myFirstRepos/opencv/grabber4/grabber.cpp: In function ‘int main(int, char**)’:
/home/pi/java_proj/gitHub/myFirstRepos/opencv/grabber4/grabber.cpp:114:12: error: expected type-specifier before ‘&’ token
     catch (&ex)
            ^
CMakeFiles/grabber4.dir/build.make:62: recipe for target 'CMakeFiles/grabber4.dir/grabber.cpp.o' failed
CMakeFiles/Makefile2:67: recipe for target 'CMakeFiles/grabber4.dir/all' failed
make[2]: *** [CMakeFiles/grabber4.dir/grabber.cpp.o] Error 1
Makefile:83: recipe for target 'all' failed
make[1]: *** [CMakeFiles/grabber4.dir/all] Error 2
make: *** [all] Error 2
17:56:16 **** Incremental Build of configuration Default for project grabber4 ****
make all 
Scanning dependencies of target grabber4
[ 33%] Building CXX object CMakeFiles/grabber4.dir/grabber.cpp.o
[ 66%] Linking CXX executable grabber4
[100%] Built target grabber4
17:57:34 **** Incremental Build of configuration Default for project grabber4 ****
make all 
Scanning dependencies of target grabber4
[ 33%] Building CXX object CMakeFiles/grabber4.dir/grabber.cpp.o
[ 66%] Linking CXX executable grabber4
[100%] Built target grabber4
17:59:25 **** Incremental Build of configuration Default for project grabber4 ****
make all 
Scanning dependencies of target grabber4
[ 33%] Building CXX object CMakeFiles/grabber4.dir/grabber.cpp.o
[ 66%] Linking CXX executable grabber4
[100%] Built target grabber4
18:00:39 **** Incremental Build of configuration Default for project grabber4 ****
make all 
Scanning dependencies of target grabber4
[ 33%] Building CXX object CMakeFiles/grabber4.dir/grabber.cpp.o
[ 66%] Linking CXX executable grabber4
[100%] Built target grabber4
18:01:32 **** Incremental Build of configuration Default for project grabber4 ****
make all 
[100%] Built target grabber4
18:02:09 **** Incremental Build of configuration Default for project grabber4 ****
make all 
Scanning dependencies of target grabber4
[ 33%] Building CXX object CMakeFiles/grabber4.dir/grabber.cpp.o
[ 66%] Linking CXX executable grabber4
[100%] Built target grabber4
18:04:58 **** Incremental Build of configuration Default for project grabber4 ****
make all 
[100%] Built target grabber4
18:05:10 **** Incremental Build of configuration Default for project grabber4 ****
make all 
[100%] Built target grabber4
18:05:37 **** Incremental Build of configuration Default for project grabber4 ****
make all 
[100%] Built target grabber4
21:14:34 **** Incremental Build of configuration Default for project grabber4 ****
make all 
[100%] Built target grabber4
21:14:54 **** Incremental Build of configuration Default for project grabber4 ****
make all 
[100%] Built target grabber4
21:43:13 **** Incremental Build of configuration Default for project grabber4 ****
make all 
[100%] Built target grabber4
21:44:10 **** Incremental Build of configuration Default for project grabber4 ****
make all 
Scanning dependencies of target grabber4
[ 33%] Building CXX object CMakeFiles/grabber4.dir/grabber.cpp.o
[ 66%] Linking CXX executable grabber4
[100%] Built target grabber4
09:11:20 **** Incremental Build of configuration Default for project grabber4 ****
make all 
Scanning dependencies of target grabber4
[ 33%] Building CXX object CMakeFiles/grabber4.dir/grabber.cpp.o
/home/pi/java_proj/gitHub/myFirstRepos/opencv/grabber4/grabber.cpp: In function ‘int main(int, char**)’:
/home/pi/java_proj/gitHub/myFirstRepos/opencv/grabber4/grabber.cpp:40:91: error: expected primary-expression before ‘<’ token
     cout << "Uses the GPIO to get signal from IR sensor. Root privilege is required.\n" <<< endl;
                                                                                           ^
make[2]: *** [CMakeFiles/grabber4.dir/grabber.cpp.o] Error 1
CMakeFiles/grabber4.dir/build.make:62: recipe for target 'CMakeFiles/grabber4.dir/grabber.cpp.o' failed
make[1]: *** [CMakeFiles/grabber4.dir/all] Error 2
CMakeFiles/Makefile2:67: recipe for target 'CMakeFiles/grabber4.dir/all' failed
make: *** [all] Error 2
Makefile:83: recipe for target 'all' failed
09:16:26 **** Incremental Build of configuration Default for project grabber4 ****
make all 
Scanning dependencies of target grabber4
[ 33%] Building CXX object CMakeFiles/grabber4.dir/grabber.cpp.o
[ 66%] Linking CXX executable grabber4
[100%] Built target grabber4
09:18:00 **** Incremental Build of configuration Default for project grabber4 ****
make all 
[100%] Built target grabber4
09:18:50 **** Incremental Build of configuration Default for project grabber4 ****
make all 
[100%] Built target grabber4
09:20:47 **** Incremental Build of configuration Default for project grabber4 ****
make all 
[100%] Built target grabber4
09:22:47 **** Incremental Build of configuration Default for project grabber4 ****
make all 
Scanning dependencies of target grabber4
[ 33%] Building CXX object CMakeFiles/grabber4.dir/grabber.cpp.o
[ 66%] Linking CXX executable grabber4
[100%] Built target grabber4
09:29:35 **** Incremental Build of configuration Default for project grabber4 ****
make all 
Scanning dependencies of target grabber4
[ 33%] Building CXX object CMakeFiles/grabber4.dir/grabber.cpp.o
/home/pi/java_proj/gitHub/myFirstRepos/opencv/grabber4/grabber.cpp: In function ‘int main(int, char**)’:
/home/pi/java_proj/gitHub/myFirstRepos/opencv/grabber4/grabber.cpp:274:25: error: no match for ‘operator<<’ (operand types are ‘std::basic_ostream<char>’ and ‘cv::Exception’)
      cout << "   msg: " << ex << endl;
                         ^
/home/pi/java_proj/gitHub/myFirstRepos/opencv/grabber4/grabber.cpp:274:25: note: candidates are:
In file included from /usr/include/c++/4.9/iostream:39:0,
                 from /home/pi/java_proj/gitHub/myFirstRepos/opencv/grabber4/grabber.cpp:20:
/usr/include/c++/4.9/ostream:108:7: note: std::basic_ostream<_CharT, _Traits>::__ostream_type& std::basic_ostream<_CharT, _Traits>::operator<<(std::basic_ostream<_CharT, _Traits>::__ostream_type& (*)(std::basic_ostream<_CharT, _Traits>::__ostream_type&)) [with _CharT = char; _Traits = std::char_traits<char>; std::basic_ostream<_CharT, _Traits>::__ostream_type = std::basic_ostream<char>]
       operator<<(__ostream_type& (*__pf)(__ostream_type&))
       ^
/usr/include/c++/4.9/ostream:108:7: note:   no known conversion for argument 1 from ‘cv::Exception’ to ‘std::basic_ostream<char>::__ostream_type& (*)(std::basic_ostream<char>::__ostream_type&) {aka std::basic_ostream<char>& (*)(std::basic_ostream<char>&)}’
/usr/include/c++/4.9/ostream:117:7: note: std::basic_ostream<_CharT, _Traits>::__ostream_type& std::basic_ostream<_CharT, _Traits>::operator<<(std::basic_ostream<_CharT, _Traits>::__ios_type& (*)(std::basic_ostream<_CharT, _Traits>::__ios_type&)) [with _CharT = char; _Traits = std::char_traits<char>; std::basic_ostream<_CharT, _Traits>::__ostream_type = std::basic_ostream<char>; std::basic_ostream<_CharT, _Traits>::__ios_type = std::basic_ios<char>]
       operator<<(__ios_type& (*__pf)(__ios_type&))
       ^
/usr/include/c++/4.9/ostream:117:7: note:   no known conversion for argument 1 from ‘cv::Exception’ to ‘std::basic_ostream<char>::__ios_type& (*)(std::basic_ostream<char>::__ios_type&) {aka std::basic_ios<char>& (*)(std::basic_ios<char>&)}’
/usr/include/c++/4.9/ostream:127:7: note: std::basic_ostream<_CharT, _Traits>::__ostream_type& std::basic_ostream<_CharT, _Traits>::operator<<(std::ios_base& (*)(std::ios_base&)) [with _CharT = char; _Traits = std::char_traits<char>; std::basic_ostream<_CharT, _Traits>::__ostream_type = std::basic_ostream<char>]
       operator<<(ios_base& (*__pf) (ios_base&))
       ^
/usr/include/c++/4.9/ostream:127:7: note:   no known conversion for argument 1 from ‘cv::Exception’ to ‘std::ios_base& (*)(std::ios_base&)’
/usr/include/c++/4.9/ostream:166:7: note: std::basic_ostream<_CharT, _Traits>::__ostream_type& std::basic_ostream<_CharT, _Traits>::operator<<(long int) [with _CharT = char; _Traits = std::char_traits<char>; std::basic_ostream<_CharT, _Traits>::__ostream_type = std::basic_ostream<char>]
       operator<<(long __n)
       ^
/usr/include/c++/4.9/ostream:166:7: note:   no known conversion for argument 1 from ‘cv::Exception’ to ‘long int’
/usr/include/c++/4.9/ostream:170:7: note: std::basic_ostream<_CharT, _Traits>::__ostream_type& std::basic_ostream<_CharT, _Traits>::operator<<(long unsigned int) [with _CharT = char; _Traits = std::char_traits<char>; std::basic_ostream<_CharT, _Traits>::__ostream_type = std::basic_ostream<char>]
       operator<<(unsigned long __n)
       ^
/usr/include/c++/4.9/ostream:170:7: note:   no known conversion for argument 1 from ‘cv::Exception’ to ‘long unsigned int’
/usr/include/c++/4.9/ostream:174:7: note: std::basic_ostream<_CharT, _Traits>::__ostream_type& std::basic_ostream<_CharT, _Traits>::operator<<(bool) [with _CharT = char; _Traits = std::char_traits<char>; std::basic_ostream<_CharT, _Traits>::__ostream_type = std::basic_ostream<char>]
       operator<<(bool __n)
       ^
/usr/include/c++/4.9/ostream:174:7: note:   no known conversion for argument 1 from ‘cv::Exception’ to ‘bool’
In file included from /usr/include/c++/4.9/ostream:609:0,
                 from /usr/include/c++/4.9/iostream:39,
                 from /home/pi/java_proj/gitHub/myFirstRepos/opencv/grabber4/grabber.cpp:20:
/usr/include/c++/4.9/bits/ostream.tcc:91:5: note: std::basic_ostream<_CharT, _Traits>& std::basic_ostream<_CharT, _Traits>::operator<<(short int) [with _CharT = char; _Traits = std::char_traits<char>]
     basic_ostream<_CharT, _Traits>::
     ^
/usr/include/c++/4.9/bits/ostream.tcc:91:5: note:   no known conversion for argument 1 from ‘cv::Exception’ to ‘short int’
In file included from /usr/include/c++/4.9/iostream:39:0,
                 from /home/pi/java_proj/gitHub/myFirstRepos/opencv/grabber4/grabber.cpp:20:
/usr/include/c++/4.9/ostream:181:7: note: std::basic_ostream<_CharT, _Traits>::__ostream_type& std::basic_ostream<_CharT, _Traits>::operator<<(short unsigned int) [with _CharT = char; _Traits = std::char_traits<char>; std::basic_ostream<_CharT, _Traits>::__ostream_type = std::basic_ostream<char>]
       operator<<(unsigned short __n)
       ^
/usr/include/c++/4.9/ostream:181:7: note:   no known conversion for argument 1 from ‘cv::Exception’ to ‘short unsigned int’
In file included from /usr/include/c++/4.9/ostream:609:0,
                 from /usr/include/c++/4.9/iostream:39,
                 from /home/pi/java_proj/gitHub/myFirstRepos/opencv/grabber4/grabber.cpp:20:
/usr/include/c++/4.9/bits/ostream.tcc:105:5: note: std::basic_ostream<_CharT, _Traits>& std::basic_ostream<_CharT, _Traits>::operator<<(int) [with _CharT = char; _Traits = std::char_traits<char>]
     basic_ostream<_CharT, _Traits>::
     ^
/usr/include/c++/4.9/bits/ostream.tcc:105:5: note:   no known conversion for argument 1 from ‘cv::Exception’ to ‘int’
In file included from /usr/include/c++/4.9/iostream:39:0,
                 from /home/pi/java_proj/gitHub/myFirstRepos/opencv/grabber4/grabber.cpp:20:
/usr/include/c++/4.9/ostream:192:7: note: std::basic_ostream<_CharT, _Traits>::__ostream_type& std::basic_ostream<_CharT, _Traits>::operator<<(unsigned int) [with _CharT = char; _Traits = std::char_traits<char>; std::basic_ostream<_CharT, _Traits>::__ostream_type = std::basic_ostream<char>]
       operator<<(unsigned int __n)
       ^
/usr/include/c++/4.9/ostream:192:7: note:   no known conversion for argument 1 from ‘cv::Exception’ to ‘unsigned int’
/usr/include/c++/4.9/ostream:201:7: note: std::basic_ostream<_CharT, _Traits>::__ostream_type& std::basic_ostream<_CharT, _Traits>::operator<<(long long int) [with _CharT = char; _Traits = std::char_traits<char>; std::basic_ostream<_CharT, _Traits>::__ostream_type = std::basic_ostream<char>]
       operator<<(long long __n)
       ^
/usr/include/c++/4.9/ostream:201:7: note:   no known conversion for argument 1 from ‘cv::Exception’ to ‘long long int’
/usr/include/c++/4.9/ostream:205:7: note: std::basic_ostream<_CharT, _Traits>::__ostream_type& std::basic_ostream<_CharT, _Traits>::operator<<(long long unsigned int) [with _CharT = char; _Traits = std::char_traits<char>; std::basic_ostream<_CharT, _Traits>::__ostream_type = std::basic_ostream<char>]
       operator<<(unsigned long long __n)
       ^
/usr/include/c++/4.9/ostream:205:7: note:   no known conversion for argument 1 from ‘cv::Exception’ to ‘long long unsigned int’
/usr/include/c++/4.9/ostream:220:7: note: std::basic_ostream<_CharT, _Traits>::__ostream_type& std::basic_ostream<_CharT, _Traits>::operator<<(double) [with _CharT = char; _Traits = std::char_traits<char>; std::basic_ostream<_CharT, _Traits>::__ostream_type = std::basic_ostream<char>]
       operator<<(double __f)
       ^
/usr/include/c++/4.9/ostream:220:7: note:   no known conversion for argument 1 from ‘cv::Exception’ to ‘double’
/usr/include/c++/4.9/ostream:224:7: note: std::basic_ostream<_CharT, _Traits>::__ostream_type& std::basic_ostream<_CharT, _Traits>::operator<<(float) [with _CharT = char; _Traits = std::char_traits<char>; std::basic_ostream<_CharT, _Traits>::__ostream_type = std::basic_ostream<char>]
       operator<<(float __f)
       ^
/usr/include/c++/4.9/ostream:224:7: note:   no known conversion for argument 1 from ‘cv::Exception’ to ‘float’
/usr/include/c++/4.9/ostream:232:7: note: std::basic_ostream<_CharT, _Traits>::__ostream_type& std::basic_ostream<_CharT, _Traits>::operator<<(long double) [with _CharT = char; _Traits = std::char_traits<char>; std::basic_ostream<_CharT, _Traits>::__ostream_type = std::basic_ostream<char>]
       operator<<(long double __f)
       ^
/usr/include/c++/4.9/ostream:232:7: note:   no known conversion for argument 1 from ‘cv::Exception’ to ‘long double’
/usr/include/c++/4.9/ostream:245:7: note: std::basic_ostream<_CharT, _Traits>::__ostream_type& std::basic_ostream<_CharT, _Traits>::operator<<(const void*) [with _CharT = char; _Traits = std::char_traits<char>; std::basic_ostream<_CharT, _Traits>::__ostream_type = std::basic_ostream<char>]
       operator<<(const void* __p)
       ^
/usr/include/c++/4.9/ostream:245:7: note:   no known conversion for argument 1 from ‘cv::Exception’ to ‘const void*’
In file included from /usr/include/c++/4.9/ostream:609:0,
                 from /usr/include/c++/4.9/iostream:39,
                 from /home/pi/java_proj/gitHub/myFirstRepos/opencv/grabber4/grabber.cpp:20:
/usr/include/c++/4.9/bits/ostream.tcc:119:5: note: std::basic_ostream<_CharT, _Traits>& std::basic_ostream<_CharT, _Traits>::operator<<(std::basic_ostream<_CharT, _Traits>::__streambuf_type*) [with _CharT = char; _Traits = std::char_traits<char>; std::basic_ostream<_CharT, _Traits>::__streambuf_type = std::basic_streambuf<char>]
     basic_ostream<_CharT, _Traits>::
     ^
/usr/include/c++/4.9/bits/ostream.tcc:119:5: note:   no known conversion for argument 1 from ‘cv::Exception’ to ‘std::basic_ostream<char>::__streambuf_type* {aka std::basic_streambuf<char>*}’
In file included from /usr/include/c++/4.9/string:52:0,
                 from /usr/include/c++/4.9/bits/locale_classes.h:40,
                 from /usr/include/c++/4.9/bits/ios_base.h:41,
                 from /usr/include/c++/4.9/ios:42,
                 from /usr/include/c++/4.9/ostream:38,
                 from /usr/include/c++/4.9/iostream:39,
                 from /home/pi/java_proj/gitHub/myFirstRepos/opencv/grabber4/grabber.cpp:20:
/usr/include/c++/4.9/bits/basic_string.h:2772:5: note: template<class _CharT, class _Traits, class _Alloc> std::basic_ostream<_CharT, _Traits>& std::operator<<(std::basic_ostream<_CharT, _Traits>&, const std::basic_string<_CharT, _Traits, _Alloc>&)
     operator<<(basic_ostream<_CharT, _Traits>& __os,
     ^
/usr/include/c++/4.9/bits/basic_string.h:2772:5: note:   template argument deduction/substitution failed:
/home/pi/java_proj/gitHub/myFirstRepos/opencv/grabber4/grabber.cpp:274:28: note:   ‘cv::Exception’ is not derived from ‘const std::basic_string<_CharT, _Traits, _Alloc>’
      cout << "   msg: " << ex << endl;
                            ^
In file included from /usr/include/c++/4.9/iostream:39:0,
                 from /home/pi/java_proj/gitHub/myFirstRepos/opencv/grabber4/grabber.cpp:20:
/usr/include/c++/4.9/ostream:471:5: note: template<class _CharT, class _Traits> std::basic_ostream<_CharT, _Traits>& std::operator<<(std::basic_ostream<_CharT, _Traits>&, _CharT)
     operator<<(basic_ostream<_CharT, _Traits>& __out, _CharT __c)
     ^
/usr/include/c++/4.9/ostream:471:5: note:   template argument deduction/substitution failed:
/home/pi/java_proj/gitHub/myFirstRepos/opencv/grabber4/grabber.cpp:274:28: note:   deduced conflicting types for parameter ‘_CharT’ (‘char’ and ‘cv::Exception’)
      cout << "   msg: " << ex << endl;
                            ^
In file included from /usr/include/c++/4.9/iostream:39:0,
                 from /home/pi/java_proj/gitHub/myFirstRepos/opencv/grabber4/grabber.cpp:20:
/usr/include/c++/4.9/ostream:476:5: note: template<class _CharT, class _Traits> std::basic_ostream<_CharT, _Traits>& std::operator<<(std::basic_ostream<_CharT, _Traits>&, char)
     operator<<(basic_ostream<_CharT, _Traits>& __out, char __c)
     ^
/usr/include/c++/4.9/ostream:476:5: note:   template argument deduction/substitution failed:
/home/pi/java_proj/gitHub/myFirstRepos/opencv/grabber4/grabber.cpp:274:28: note:   cannot convert ‘ex’ (type ‘cv::Exception’) to type ‘char’
      cout << "   msg: " << ex << endl;
                            ^
In file included from /usr/include/c++/4.9/iostream:39:0,
                 from /home/pi/java_proj/gitHub/myFirstRepos/opencv/grabber4/grabber.cpp:20:
/usr/include/c++/4.9/ostream:482:5: note: template<class _Traits> std::basic_ostream<char, _Traits>& std::operator<<(std::basic_ostream<char, _Traits>&, char)
     operator<<(basic_ostream<char, _Traits>& __out, char __c)
     ^
/usr/include/c++/4.9/ostream:482:5: note:   template argument deduction/substitution failed:
/home/pi/java_proj/gitHub/myFirstRepos/opencv/grabber4/grabber.cpp:274:28: note:   cannot convert ‘ex’ (type ‘cv::Exception’) to type ‘char’
      cout << "   msg: " << ex << endl;
                            ^
In file included from /usr/include/c++/4.9/iostream:39:0,
                 from /home/pi/java_proj/gitHub/myFirstRepos/opencv/grabber4/grabber.cpp:20:
/usr/include/c++/4.9/ostream:488:5: note: template<class _Traits> std::basic_ostream<char, _Traits>& std::operator<<(std::basic_ostream<char, _Traits>&, signed char)
     operator<<(basic_ostream<char, _Traits>& __out, signed char __c)
     ^
/usr/include/c++/4.9/ostream:488:5: note:   template argument deduction/substitution failed:
/home/pi/java_proj/gitHub/myFirstRepos/opencv/grabber4/grabber.cpp:274:28: note:   cannot convert ‘ex’ (type ‘cv::Exception’) to type ‘signed char’
      cout << "   msg: " << ex << endl;
                            ^
In file included from /usr/include/c++/4.9/iostream:39:0,
                 from /home/pi/java_proj/gitHub/myFirstRepos/opencv/grabber4/grabber.cpp:20:
/usr/include/c++/4.9/ostream:493:5: note: template<class _Traits> std::basic_ostream<char, _Traits>& std::operator<<(std::basic_ostream<char, _Traits>&, unsigned char)
     operator<<(basic_ostream<char, _Traits>& __out, unsigned char __c)
     ^
/usr/include/c++/4.9/ostream:493:5: note:   template argument deduction/substitution failed:
/home/pi/java_proj/gitHub/myFirstRepos/opencv/grabber4/grabber.cpp:274:28: note:   cannot convert ‘ex’ (type ‘cv::Exception’) to type ‘unsigned char’
      cout << "   msg: " << ex << endl;
                            ^
In file included from /usr/include/c++/4.9/iostream:39:0,
                 from /home/pi/java_proj/gitHub/myFirstRepos/opencv/grabber4/grabber.cpp:20:
/usr/include/c++/4.9/ostream:513:5: note: template<class _CharT, class _Traits> std::basic_ostream<_CharT, _Traits>& std::operator<<(std::basic_ostream<_CharT, _Traits>&, const _CharT*)
     operator<<(basic_ostream<_CharT, _Traits>& __out, const _CharT* __s)
     ^
/usr/include/c++/4.9/ostream:513:5: note:   template argument deduction/substitution failed:
/home/pi/java_proj/gitHub/myFirstRepos/opencv/grabber4/grabber.cpp:274:28: note:   mismatched types ‘const _CharT*’ and ‘cv::Exception’
      cout << "   msg: " << ex << endl;
                            ^
In file included from /usr/include/c++/4.9/ostream:609:0,
                 from /usr/include/c++/4.9/iostream:39,
                 from /home/pi/java_proj/gitHub/myFirstRepos/opencv/grabber4/grabber.cpp:20:
/usr/include/c++/4.9/bits/ostream.tcc:321:5: note: template<class _CharT, class _Traits> std::basic_ostream<_CharT, _Traits>& std::operator<<(std::basic_ostream<_CharT, _Traits>&, const char*)
     operator<<(basic_ostream<_CharT, _Traits>& __out, const char* __s)
     ^
/usr/include/c++/4.9/bits/ostream.tcc:321:5: note:   template argument deduction/substitution failed:
/home/pi/java_proj/gitHub/myFirstRepos/opencv/grabber4/grabber.cpp:274:28: note:   cannot convert ‘ex’ (type ‘cv::Exception’) to type ‘const char*’
      cout << "   msg: " << ex << endl;
                            ^
In file included from /usr/include/c++/4.9/iostream:39:0,
                 from /home/pi/java_proj/gitHub/myFirstRepos/opencv/grabber4/grabber.cpp:20:
/usr/include/c++/4.9/ostream:530:5: note: template<class _Traits> std::basic_ostream<char, _Traits>& std::operator<<(std::basic_ostream<char, _Traits>&, const char*)
     operator<<(basic_ostream<char, _Traits>& __out, const char* __s)
     ^
/usr/include/c++/4.9/ostream:530:5: note:   template argument deduction/substitution failed:
/home/pi/java_proj/gitHub/myFirstRepos/opencv/grabber4/grabber.cpp:274:28: note:   cannot convert ‘ex’ (type ‘cv::Exception’) to type ‘const char*’
      cout << "   msg: " << ex << endl;
                            ^
In file included from /usr/include/c++/4.9/iostream:39:0,
                 from /home/pi/java_proj/gitHub/myFirstRepos/opencv/grabber4/grabber.cpp:20:
/usr/include/c++/4.9/ostream:543:5: note: template<class _Traits> std::basic_ostream<char, _Traits>& std::operator<<(std::basic_ostream<char, _Traits>&, const signed char*)
     operator<<(basic_ostream<char, _Traits>& __out, const signed char* __s)
     ^
/usr/include/c++/4.9/ostream:543:5: note:   template argument deduction/substitution failed:
/home/pi/java_proj/gitHub/myFirstRepos/opencv/grabber4/grabber.cpp:274:28: note:   cannot convert ‘ex’ (type ‘cv::Exception’) to type ‘const signed char*’
      cout << "   msg: " << ex << endl;
                            ^
In file included from /usr/include/c++/4.9/iostream:39:0,
                 from /home/pi/java_proj/gitHub/myFirstRepos/opencv/grabber4/grabber.cpp:20:
/usr/include/c++/4.9/ostream:548:5: note: template<class _Traits> std::basic_ostream<char, _Traits>& std::operator<<(std::basic_ostream<char, _Traits>&, const unsigned char*)
     operator<<(basic_ostream<char, _Traits>& __out, const unsigned char* __s)
     ^
/usr/include/c++/4.9/ostream:548:5: note:   template argument deduction/substitution failed:
/home/pi/java_proj/gitHub/myFirstRepos/opencv/grabber4/grabber.cpp:274:28: note:   cannot convert ‘ex’ (type ‘cv::Exception’) to type ‘const unsigned char*’
      cout << "   msg: " << ex << endl;
                            ^
In file included from /usr/local/include/opencv2/core/cvstd.inl.hpp:47:0,
                 from /usr/local/include/opencv2/core.hpp:3223,
                 from /usr/local/include/opencv2/opencv.hpp:52,
                 from /home/pi/java_proj/gitHub/myFirstRepos/opencv/grabber4/grabber.cpp:26:
/usr/include/c++/4.9/complex:521:5: note: template<class _Tp, class _CharT, class _Traits> std::basic_ostream<_CharT, _Traits>& std::operator<<(std::basic_ostream<_CharT, _Traits>&, const std::complex<_Tp>&)
     operator<<(basic_ostream<_CharT, _Traits>& __os, const complex<_Tp>& __x)
     ^
/usr/include/c++/4.9/complex:521:5: note:   template argument deduction/substitution failed:
/home/pi/java_proj/gitHub/myFirstRepos/opencv/grabber4/grabber.cpp:274:28: note:   ‘cv::Exception’ is not derived from ‘const std::complex<_Tp>’
      cout << "   msg: " << ex << endl;
                            ^
In file included from /usr/local/include/opencv2/flann/lsh_table.h:40:0,
                 from /usr/local/include/opencv2/flann/lsh_index.h:49,
                 from /usr/local/include/opencv2/flann/all_indices.h:42,
                 from /usr/local/include/opencv2/flann/flann_base.hpp:43,
                 from /usr/local/include/opencv2/flann.hpp:48,
                 from /usr/local/include/opencv2/opencv.hpp:62,
                 from /home/pi/java_proj/gitHub/myFirstRepos/opencv/grabber4/grabber.cpp:26:
/usr/include/c++/4.9/iomanip:79:5: note: template<class _CharT, class _Traits> std::basic_ostream<_CharT, _Traits>& std::operator<<(std::basic_ostream<_CharT, _Traits>&, std::_Resetiosflags)
     operator<<(basic_ostream<_CharT, _Traits>& __os, _Resetiosflags __f)
     ^
/usr/include/c++/4.9/iomanip:79:5: note:   template argument deduction/substitution failed:
/home/pi/java_proj/gitHub/myFirstRepos/opencv/grabber4/grabber.cpp:274:28: note:   cannot convert ‘ex’ (type ‘cv::Exception’) to type ‘std::_Resetiosflags’
      cout << "   msg: " << ex << endl;
                            ^
In file included from /usr/local/include/opencv2/flann/lsh_table.h:40:0,
                 from /usr/local/include/opencv2/flann/lsh_index.h:49,
                 from /usr/local/include/opencv2/flann/all_indices.h:42,
                 from /usr/local/include/opencv2/flann/flann_base.hpp:43,
                 from /usr/local/include/opencv2/flann.hpp:48,
                 from /usr/local/include/opencv2/opencv.hpp:62,
                 from /home/pi/java_proj/gitHub/myFirstRepos/opencv/grabber4/grabber.cpp:26:
/usr/include/c++/4.9/iomanip:109:5: note: template<class _CharT, class _Traits> std::basic_ostream<_CharT, _Traits>& std::operator<<(std::basic_ostream<_CharT, _Traits>&, std::_Setiosflags)
     operator<<(basic_ostream<_CharT, _Traits>& __os, _Setiosflags __f)
     ^
/usr/include/c++/4.9/iomanip:109:5: note:   template argument deduction/substitution failed:
/home/pi/java_proj/gitHub/myFirstRepos/opencv/grabber4/grabber.cpp:274:28: note:   cannot convert ‘ex’ (type ‘cv::Exception’) to type ‘std::_Setiosflags’
      cout << "   msg: " << ex << endl;
                            ^
In file included from /usr/local/include/opencv2/flann/lsh_table.h:40:0,
                 from /usr/local/include/opencv2/flann/lsh_index.h:49,
                 from /usr/local/include/opencv2/flann/all_indices.h:42,
                 from /usr/local/include/opencv2/flann/flann_base.hpp:43,
                 from /usr/local/include/opencv2/flann.hpp:48,
                 from /usr/local/include/opencv2/opencv.hpp:62,
                 from /home/pi/java_proj/gitHub/myFirstRepos/opencv/grabber4/grabber.cpp:26:
/usr/include/c++/4.9/iomanip:143:5: note: template<class _CharT, class _Traits> std::basic_ostream<_CharT, _Traits>& std::operator<<(std::basic_ostream<_CharT, _Traits>&, std::_Setbase)
     operator<<(basic_ostream<_CharT, _Traits>& __os, _Setbase __f)
     ^
/usr/include/c++/4.9/iomanip:143:5: note:   template argument deduction/substitution failed:
/home/pi/java_proj/gitHub/myFirstRepos/opencv/grabber4/grabber.cpp:274:28: note:   cannot convert ‘ex’ (type ‘cv::Exception’) to type ‘std::_Setbase’
      cout << "   msg: " << ex << endl;
                            ^
In file included from /usr/local/include/opencv2/flann/lsh_table.h:40:0,
                 from /usr/local/include/opencv2/flann/lsh_index.h:49,
                 from /usr/local/include/opencv2/flann/all_indices.h:42,
                 from /usr/local/include/opencv2/flann/flann_base.hpp:43,
                 from /usr/local/include/opencv2/flann.hpp:48,
                 from /usr/local/include/opencv2/opencv.hpp:62,
                 from /home/pi/java_proj/gitHub/myFirstRepos/opencv/grabber4/grabber.cpp:26:
/usr/include/c++/4.9/iomanip:178:5: note: template<class _CharT, class _Traits> std::basic_ostream<_CharT, _Traits>& std::operator<<(std::basic_ostream<_CharT, _Traits>&, std::_Setfill<_CharT>)
     operator<<(basic_ostream<_CharT, _Traits>& __os, _Setfill<_CharT> __f)
     ^
/usr/include/c++/4.9/iomanip:178:5: note:   template argument deduction/substitution failed:
/home/pi/java_proj/gitHub/myFirstRepos/opencv/grabber4/grabber.cpp:274:28: note:   ‘cv::Exception’ is not derived from ‘std::_Setfill<_CharT>’
      cout << "   msg: " << ex << endl;
                            ^
In file included from /usr/local/include/opencv2/flann/lsh_table.h:40:0,
                 from /usr/local/include/opencv2/flann/lsh_index.h:49,
                 from /usr/local/include/opencv2/flann/all_indices.h:42,
                 from /usr/local/include/opencv2/flann/flann_base.hpp:43,
                 from /usr/local/include/opencv2/flann.hpp:48,
                 from /usr/local/include/opencv2/opencv.hpp:62,
                 from /home/pi/java_proj/gitHub/myFirstRepos/opencv/grabber4/grabber.cpp:26:
/usr/include/c++/4.9/iomanip:208:5: note: template<class _CharT, class _Traits> std::basic_ostream<_CharT, _Traits>& std::operator<<(std::basic_ostream<_CharT, _Traits>&, std::_Setprecision)
     operator<<(basic_ostream<_CharT, _Traits>& __os, _Setprecision __f)
     ^
/usr/include/c++/4.9/iomanip:208:5: note:   template argument deduction/substitution failed:
/home/pi/java_proj/gitHub/myFirstRepos/opencv/grabber4/grabber.cpp:274:28: note:   cannot convert ‘ex’ (type ‘cv::Exception’) to type ‘std::_Setprecision’
      cout << "   msg: " << ex << endl;
                            ^
In file included from /usr/local/include/opencv2/flann/lsh_table.h:40:0,
                 from /usr/local/include/opencv2/flann/lsh_index.h:49,
                 from /usr/local/include/opencv2/flann/all_indices.h:42,
                 from /usr/local/include/opencv2/flann/flann_base.hpp:43,
                 from /usr/local/include/opencv2/flann.hpp:48,
                 from /usr/local/include/opencv2/opencv.hpp:62,
                 from /home/pi/java_proj/gitHub/myFirstRepos/opencv/grabber4/grabber.cpp:26:
/usr/include/c++/4.9/iomanip:238:5: note: template<class _CharT, class _Traits> std::basic_ostream<_CharT, _Traits>& std::operator<<(std::basic_ostream<_CharT, _Traits>&, std::_Setw)
     operator<<(basic_ostream<_CharT, _Traits>& __os, _Setw __f)
     ^
/usr/include/c++/4.9/iomanip:238:5: note:   template argument deduction/substitution failed:
/home/pi/java_proj/gitHub/myFirstRepos/opencv/grabber4/grabber.cpp:274:28: note:   cannot convert ‘ex’ (type ‘cv::Exception’) to type ‘std::_Setw’
      cout << "   msg: " << ex << endl;
                            ^
In file included from /usr/local/include/opencv2/core.hpp:3224:0,
                 from /usr/local/include/opencv2/opencv.hpp:52,
                 from /home/pi/java_proj/gitHub/myFirstRepos/opencv/grabber4/grabber.cpp:26:
/usr/local/include/opencv2/core/utility.hpp:388:15: note: std::ostream& cv::operator<<(std::ostream&, const cv::TickMeter&)
 std::ostream& operator << (std::ostream& out, const TickMeter& tm)
               ^
/usr/local/include/opencv2/core/utility.hpp:388:15: note:   no known conversion for argument 2 from ‘cv::Exception’ to ‘const cv::TickMeter&’
In file included from /usr/local/include/opencv2/core.hpp:3223:0,
                 from /usr/local/include/opencv2/opencv.hpp:52,
                 from /home/pi/java_proj/gitHub/myFirstRepos/opencv/grabber4/grabber.cpp:26:
/usr/local/include/opencv2/core/cvstd.inl.hpp:266:29: note: std::ostream& cv::operator<<(std::ostream&, const cv::MatSize&)
 static inline std::ostream& operator << (std::ostream& out, const MatSize& msize)
                             ^
/usr/local/include/opencv2/core/cvstd.inl.hpp:266:29: note:   no known conversion for argument 2 from ‘cv::Exception’ to ‘const cv::MatSize&’
/usr/local/include/opencv2/core/cvstd.inl.hpp:261:15: note: template<class _Tp> std::ostream& cv::operator<<(std::ostream&, const cv::Rect_<_Tp>&)
 std::ostream& operator << (std::ostream& out, const Rect_<_Tp>& rect)
               ^
/usr/local/include/opencv2/core/cvstd.inl.hpp:261:15: note:   template argument deduction/substitution failed:
/home/pi/java_proj/gitHub/myFirstRepos/opencv/grabber4/grabber.cpp:274:28: note:   ‘cv::Exception’ is not derived from ‘const cv::Rect_<_Tp>’
      cout << "   msg: " << ex << endl;
                            ^
In file included from /usr/local/include/opencv2/core.hpp:3223:0,
                 from /usr/local/include/opencv2/opencv.hpp:52,
                 from /home/pi/java_proj/gitHub/myFirstRepos/opencv/grabber4/grabber.cpp:26:
/usr/local/include/opencv2/core/cvstd.inl.hpp:255:15: note: template<class _Tp> std::ostream& cv::operator<<(std::ostream&, const cv::Size_<_Tp>&)
 std::ostream& operator << (std::ostream& out, const Size_<_Tp>& size)
               ^
/usr/local/include/opencv2/core/cvstd.inl.hpp:255:15: note:   template argument deduction/substitution failed:
/home/pi/java_proj/gitHub/myFirstRepos/opencv/grabber4/grabber.cpp:274:28: note:   ‘cv::Exception’ is not derived from ‘const cv::Size_<_Tp>’
      cout << "   msg: " << ex << endl;
                            ^
In file included from /usr/local/include/opencv2/core.hpp:3223:0,
                 from /usr/local/include/opencv2/opencv.hpp:52,
                 from /home/pi/java_proj/gitHub/myFirstRepos/opencv/grabber4/grabber.cpp:26:
/usr/local/include/opencv2/core/cvstd.inl.hpp:233:15: note: template<class _Tp, int n> std::ostream& cv::operator<<(std::ostream&, const cv::Vec<_Tp, m>&)
 std::ostream& operator << (std::ostream& out, const Vec<_Tp, n>& vec)
               ^
/usr/local/include/opencv2/core/cvstd.inl.hpp:233:15: note:   template argument deduction/substitution failed:
/home/pi/java_proj/gitHub/myFirstRepos/opencv/grabber4/grabber.cpp:274:28: note:   ‘cv::Exception’ is not derived from ‘const cv::Vec<_Tp, m>’
      cout << "   msg: " << ex << endl;
                            ^
In file included from /usr/local/include/opencv2/core.hpp:3223:0,
                 from /usr/local/include/opencv2/opencv.hpp:52,
                 from /home/pi/java_proj/gitHub/myFirstRepos/opencv/grabber4/grabber.cpp:26:
/usr/local/include/opencv2/core/cvstd.inl.hpp:226:15: note: template<class _Tp> std::ostream& cv::operator<<(std::ostream&, const cv::Point3_<_Tp>&)
 std::ostream& operator << (std::ostream& out, const Point3_<_Tp>& p)
               ^
/usr/local/include/opencv2/core/cvstd.inl.hpp:226:15: note:   template argument deduction/substitution failed:
/home/pi/java_proj/gitHub/myFirstRepos/opencv/grabber4/grabber.cpp:274:28: note:   ‘cv::Exception’ is not derived from ‘const cv::Point3_<_Tp>’
      cout << "   msg: " << ex << endl;
                            ^
In file included from /usr/local/include/opencv2/core.hpp:3223:0,
                 from /usr/local/include/opencv2/opencv.hpp:52,
                 from /home/pi/java_proj/gitHub/myFirstRepos/opencv/grabber4/grabber.cpp:26:
/usr/local/include/opencv2/core/cvstd.inl.hpp:219:15: note: template<class _Tp> std::ostream& cv::operator<<(std::ostream&, const cv::Point_<_Tp>&)
 std::ostream& operator << (std::ostream& out, const Point_<_Tp>& p)
               ^
/usr/local/include/opencv2/core/cvstd.inl.hpp:219:15: note:   template argument deduction/substitution failed:
/home/pi/java_proj/gitHub/myFirstRepos/opencv/grabber4/grabber.cpp:274:28: note:   ‘cv::Exception’ is not derived from ‘const cv::Point_<_Tp>’
      cout << "   msg: " << ex << endl;
                            ^
In file included from /usr/local/include/opencv2/core.hpp:3223:0,
                 from /usr/local/include/opencv2/opencv.hpp:52,
                 from /home/pi/java_proj/gitHub/myFirstRepos/opencv/grabber4/grabber.cpp:26:
/usr/local/include/opencv2/core/cvstd.inl.hpp:213:15: note: template<class _Tp, int m, int n> std::ostream& cv::operator<<(std::ostream&, const cv::Matx<_Tp, m, n>&)
 std::ostream& operator << (std::ostream& out, const Matx<_Tp, m, n>& matx)
               ^
/usr/local/include/opencv2/core/cvstd.inl.hpp:213:15: note:   template argument deduction/substitution failed:
/home/pi/java_proj/gitHub/myFirstRepos/opencv/grabber4/grabber.cpp:274:28: note:   ‘cv::Exception’ is not derived from ‘const cv::Matx<_Tp, m, n>’
      cout << "   msg: " << ex << endl;
                            ^
In file included from /usr/local/include/opencv2/core.hpp:3223:0,
                 from /usr/local/include/opencv2/opencv.hpp:52,
                 from /home/pi/java_proj/gitHub/myFirstRepos/opencv/grabber4/grabber.cpp:26:
/usr/local/include/opencv2/core/cvstd.inl.hpp:206:15: note: template<class _Tp> std::ostream& cv::operator<<(std::ostream&, const std::vector<cv::Point3_<_Tp> >&)
 std::ostream& operator << (std::ostream& out, const std::vector<Point3_<_Tp> >& vec)
               ^
/usr/local/include/opencv2/core/cvstd.inl.hpp:206:15: note:   template argument deduction/substitution failed:
/home/pi/java_proj/gitHub/myFirstRepos/opencv/grabber4/grabber.cpp:274:28: note:   ‘cv::Exception’ is not derived from ‘const std::vector<cv::Point3_<_Tp> >’
      cout << "   msg: " << ex << endl;
                            ^
In file included from /usr/local/include/opencv2/core.hpp:3223:0,
                 from /usr/local/include/opencv2/opencv.hpp:52,
                 from /home/pi/java_proj/gitHub/myFirstRepos/opencv/grabber4/grabber.cpp:26:
/usr/local/include/opencv2/core/cvstd.inl.hpp:199:15: note: template<class _Tp> std::ostream& cv::operator<<(std::ostream&, const std::vector<cv::Point_<_Tp> >&)
 std::ostream& operator << (std::ostream& out, const std::vector<Point_<_Tp> >& vec)
               ^
/usr/local/include/opencv2/core/cvstd.inl.hpp:199:15: note:   template argument deduction/substitution failed:
/home/pi/java_proj/gitHub/myFirstRepos/opencv/grabber4/grabber.cpp:274:28: note:   ‘cv::Exception’ is not derived from ‘const std::vector<cv::Point_<_Tp> >’
      cout << "   msg: " << ex << endl;
                            ^
In file included from /usr/local/include/opencv2/core.hpp:3223:0,
                 from /usr/local/include/opencv2/opencv.hpp:52,
                 from /home/pi/java_proj/gitHub/myFirstRepos/opencv/grabber4/grabber.cpp:26:
/usr/local/include/opencv2/core/cvstd.inl.hpp:193:15: note: template<class _Tp> std::ostream& cv::operator<<(std::ostream&, const cv::Complex<_Tp>&)
 std::ostream& operator << (std::ostream& out, const Complex<_Tp>& c)
               ^
/usr/local/include/opencv2/core/cvstd.inl.hpp:193:15: note:   template argument deduction/substitution failed:
/home/pi/java_proj/gitHub/myFirstRepos/opencv/grabber4/grabber.cpp:274:28: note:   ‘cv::Exception’ is not derived from ‘const cv::Complex<_Tp>’
      cout << "   msg: " << ex << endl;
                            ^
In file included from /usr/local/include/opencv2/core.hpp:3223:0,
                 from /usr/local/include/opencv2/opencv.hpp:52,
                 from /home/pi/java_proj/gitHub/myFirstRepos/opencv/grabber4/grabber.cpp:26:
/usr/local/include/opencv2/core/cvstd.inl.hpp:187:15: note: std::ostream& cv::operator<<(std::ostream&, const cv::UMat&)
 std::ostream& operator << (std::ostream& out, const UMat& m)
               ^
/usr/local/include/opencv2/core/cvstd.inl.hpp:187:15: note:   no known conversion for argument 2 from ‘cv::Exception’ to ‘const cv::UMat&’
/usr/local/include/opencv2/core/cvstd.inl.hpp:181:15: note: std::ostream& cv::operator<<(std::ostream&, const cv::Mat&)
 std::ostream& operator << (std::ostream& out, const Mat& mtx)
               ^
/usr/local/include/opencv2/core/cvstd.inl.hpp:181:15: note:   no known conversion for argument 2 from ‘cv::Exception’ to ‘const cv::Mat&’
/usr/local/include/opencv2/core/cvstd.inl.hpp:172:15: note: std::ostream& cv::operator<<(std::ostream&, cv::Ptr<cv::Formatted>)
 std::ostream& operator << (std::ostream& out, Ptr<Formatted> fmtd)
               ^
/usr/local/include/opencv2/core/cvstd.inl.hpp:172:15: note:   no known conversion for argument 2 from ‘cv::Exception’ to ‘cv::Ptr<cv::Formatted>’
/usr/local/include/opencv2/core/cvstd.inl.hpp:166:15: note: std::ostream& cv::operator<<(std::ostream&, const cv::String&)
 std::ostream& operator << (std::ostream& os, const String& str)
               ^
/usr/local/include/opencv2/core/cvstd.inl.hpp:166:15: note:   no known conversion for argument 2 from ‘cv::Exception’ to ‘const cv::String&’
In file included from /usr/local/include/opencv2/opencv.hpp:52:0,
                 from /home/pi/java_proj/gitHub/myFirstRepos/opencv/grabber4/grabber.cpp:26:
/usr/local/include/opencv2/core.hpp:2984:9: note: cv::String& cv::operator<<(cv::String&, const cv::Mat&)
 String& operator << (String& out, const Mat& mtx)
         ^
/usr/local/include/opencv2/core.hpp:2984:9: note:   no known conversion for argument 1 from ‘std::basic_ostream<char>’ to ‘cv::String&’
CMakeFiles/grabber4.dir/build.make:62: recipe for target 'CMakeFiles/grabber4.dir/grabber.cpp.o' failed
/usr/local/include/opencv2/core.hpp:2975:9: note: cv::String& cv::operator<<(cv::String&, cv::Ptr<cv::Formatted>)
CMakeFiles/Makefile2:67: recipe for target 'CMakeFiles/grabber4.dir/all' failed
 String& operator << (String& out, Ptr<Formatted> fmtd)
Makefile:83: recipe for target 'all' failed
         ^
/usr/local/include/opencv2/core.hpp:2975:9: note:   no known conversion for argument 1 from ‘std::basic_ostream<char>’ to ‘cv::String&’
In file included from /usr/local/include/opencv2/core.hpp:60:0,
                 from /usr/local/include/opencv2/opencv.hpp:52,
                 from /home/pi/java_proj/gitHub/myFirstRepos/opencv/grabber4/grabber.cpp:26:
/usr/local/include/opencv2/core/persistence.hpp:1207:14: note: cv::FileStorage& cv::operator<<(cv::FileStorage&, char*)
 FileStorage& operator << (FileStorage& fs, char* value)
              ^
/usr/local/include/opencv2/core/persistence.hpp:1207:14: note:   no known conversion for argument 1 from ‘std::basic_ostream<char>’ to ‘cv::FileStorage&’
/usr/local/include/opencv2/core/persistence.hpp:1199:14: note: cv::FileStorage& cv::operator<<(cv::FileStorage&, const char*)
 FileStorage& operator << (FileStorage& fs, const char* str)
              ^
/usr/local/include/opencv2/core/persistence.hpp:1199:14: note:   no known conversion for argument 1 from ‘std::basic_ostream<char>’ to ‘cv::FileStorage&’
/usr/local/include/opencv2/core/persistence.hpp:1184:14: note: template<class _Tp> cv::FileStorage& cv::operator<<(cv::FileStorage&, const _Tp&)
 FileStorage& operator << (FileStorage& fs, const _Tp& value)
              ^
/usr/local/include/opencv2/core/persistence.hpp:1184:14: note:   template argument deduction/substitution failed:
/home/pi/java_proj/gitHub/myFirstRepos/opencv/grabber4/grabber.cpp:274:11: note:   cannot convert ‘std::operator<< <std::char_traits<char> >((* & std::cout), ((const char*)"   msg: "))’ (type ‘std::basic_ostream<char>’) to type ‘cv::FileStorage&’
      cout << "   msg: " << ex << endl;
           ^
In file included from /usr/local/include/opencv2/core.hpp:60:0,
                 from /usr/local/include/opencv2/opencv.hpp:52,
                 from /home/pi/java_proj/gitHub/myFirstRepos/opencv/grabber4/grabber.cpp:26:
/usr/local/include/opencv2/core/persistence.hpp:783:25: note: cv::FileStorage& cv::operator<<(cv::FileStorage&, const cv::String&)
 CV_EXPORTS FileStorage& operator << (FileStorage& fs, const String& str);
                         ^
/usr/local/include/opencv2/core/persistence.hpp:783:25: note:   no known conversion for argument 1 from ‘std::basic_ostream<char>’ to ‘cv::FileStorage&’
In file included from /usr/local/include/opencv2/core/mat.hpp:3628:0,
                 from /usr/local/include/opencv2/core.hpp:59,
                 from /usr/local/include/opencv2/opencv.hpp:52,
                 from /home/pi/java_proj/gitHub/myFirstRepos/opencv/grabber4/grabber.cpp:26:
/usr/local/include/opencv2/core/mat.inl.hpp:3247:27: note: template<class _Tp, class T2> cv::MatCommaInitializer_<_Tp> cv::operator<<(const cv::Mat_<_Tp>&, T2)
 MatCommaInitializer_<_Tp> operator << (const Mat_<_Tp>& m, T2 val)
                           ^
/usr/local/include/opencv2/core/mat.inl.hpp:3247:27: note:   template argument deduction/substitution failed:
/home/pi/java_proj/gitHub/myFirstRepos/opencv/grabber4/grabber.cpp:274:28: note:   ‘std::basic_ostream<char>’ is not derived from ‘const cv::Mat_<_Tp>’
      cout << "   msg: " << ex << endl;
                            ^
In file included from /usr/local/include/opencv2/core.hpp:57:0,
                 from /usr/local/include/opencv2/opencv.hpp:52,
                 from /home/pi/java_proj/gitHub/myFirstRepos/opencv/grabber4/grabber.cpp:26:
/usr/local/include/opencv2/core/matx.hpp:1128:30: note: template<class _Tp, class _T2, int cn> cv::VecCommaInitializer<_Tp, cn> cv::operator<<(const cv::Vec<_Tp, n>&, _T2)
 VecCommaInitializer<_Tp, cn> operator << (const Vec<_Tp, cn>& vec, _T2 val)
                              ^
/usr/local/include/opencv2/core/matx.hpp:1128:30: note:   template argument deduction/substitution failed:
/home/pi/java_proj/gitHub/myFirstRepos/opencv/grabber4/grabber.cpp:274:28: note:   ‘std::basic_ostream<char>’ is not derived from ‘const cv::Vec<_Tp, n>’
      cout << "   msg: " << ex << endl;
                            ^
In file included from /usr/local/include/opencv2/core.hpp:57:0,
                 from /usr/local/include/opencv2/opencv.hpp:52,
                 from /home/pi/java_proj/gitHub/myFirstRepos/opencv/grabber4/grabber.cpp:26:
/usr/local/include/opencv2/core/matx.hpp:913:33: note: template<class _Tp, class _T2, int m, int n> cv::MatxCommaInitializer<_Tp, m, n> cv::operator<<(const cv::Matx<_Tp, m, n>&, _T2)
 MatxCommaInitializer<_Tp, m, n> operator << (const Matx<_Tp, m, n>& mtx, _T2 val)
                                 ^
/usr/local/include/opencv2/core/matx.hpp:913:33: note:   template argument deduction/substitution failed:
/home/pi/java_proj/gitHub/myFirstRepos/opencv/grabber4/grabber.cpp:274:28: note:   ‘std::basic_ostream<char>’ is not derived from ‘const cv::Matx<_Tp, m, n>’
      cout << "   msg: " << ex << endl;
                            ^
make[2]: *** [CMakeFiles/grabber4.dir/grabber.cpp.o] Error 1
make[1]: *** [CMakeFiles/grabber4.dir/all] Error 2
make: *** [all] Error 2
09:38:59 **** Incremental Build of configuration Default for project grabber4 ****
make all 
Scanning dependencies of target grabber4
[ 33%] Building CXX object CMakeFiles/grabber4.dir/grabber.cpp.o
[ 66%] Linking CXX executable grabber4
[100%] Built target grabber4
09:41:27 **** Incremental Build of configuration Default for project grabber4 ****
make all 
Scanning dependencies of target grabber4
[ 33%] Building CXX object CMakeFiles/grabber4.dir/grabber.cpp.o
[ 66%] Linking CXX executable grabber4
[100%] Built target grabber4
09:56:01 **** Incremental Build of configuration Default for project grabber4 ****
make all 
[100%] Built target grabber4
09:57:05 **** Incremental Build of configuration Default for project grabber4 ****
make all 
Scanning dependencies of target grabber4
[ 33%] Building CXX object CMakeFiles/grabber4.dir/grabber.cpp.o
[ 66%] Linking CXX executable grabber4
[100%] Built target grabber4
09:57:53 **** Incremental Build of configuration Default for project grabber4 ****
make all 
Scanning dependencies of target grabber4
[ 33%] Building CXX object CMakeFiles/grabber4.dir/grabber.cpp.o
[ 66%] Linking CXX executable grabber4
[100%] Built target grabber4
14:19:43 **** Incremental Build of configuration Default for project grabber4 ****
make all 
Scanning dependencies of target grabber4
[ 33%] Building CXX object CMakeFiles/grabber4.dir/grabber.cpp.o
[ 66%] Linking CXX executable grabber4
[100%] Built target grabber4
14:23:46 **** Incremental Build of configuration Default for project grabber4 ****
make all 
Scanning dependencies of target grabber4
[ 33%] Building CXX object CMakeFiles/grabber4.dir/grabber.cpp.o
[ 66%] Linking CXX executable grabber4
[100%] Built target grabber4
14:26:08 **** Incremental Build of configuration Default for project grabber4 ****
make all 
Scanning dependencies of target grabber4
[ 33%] Building CXX object CMakeFiles/grabber4.dir/grabber.cpp.o
[ 66%] Linking CXX executable grabber4
[100%] Built target grabber4
14:27:43 **** Incremental Build of configuration Default for project grabber4 ****
make all 
Scanning dependencies of target grabber4
[ 33%] Building CXX object CMakeFiles/grabber4.dir/grabber.cpp.o
[ 66%] Linking CXX executable grabber4
[100%] Built target grabber4
04:06:51 **** Incremental Build of configuration Default for project grabber4 ****
make all 
[100%] Built target grabber4
04:09:00 **** Incremental Build of configuration Default for project grabber4 ****
make all 
[100%] Built target grabber4
04:11:42 **** Incremental Build of configuration Default for project grabber4 ****
make all 
[100%] Built target grabber4
04:15:05 **** Incremental Build of configuration Default for project grabber4 ****
make all 
[100%] Built target grabber4
04:15:30 **** Incremental Build of configuration Default for project grabber4 ****
make all 
[100%] Built target grabber4
04:17:01 **** Incremental Build of configuration Default for project grabber4 ****
make all 
[100%] Built target grabber4
04:17:16 **** Incremental Build of configuration Default for project grabber4 ****
make all 
[100%] Built target grabber4
04:39:04 **** Incremental Build of configuration Default for project grabber4 ****
make all 
[100%] Built target grabber4
05:30:12 **** Incremental Build of configuration Default for project grabber4 ****
make all 
[100%] Built target grabber4
17:09:46 **** Incremental Build of configuration Default for project grabber4 ****
make all 
[100%] Built target grabber4
17:13:54 **** Incremental Build of configuration Default for project grabber4 ****
make all 
[100%] Built target grabber4
17:26:49 **** Incremental Build of configuration Default for project grabber4 ****
make all 
[100%] Built target grabber4
17:28:51 **** Incremental Build of configuration Default for project grabber4 ****
make all 
Scanning dependencies of target grabber4
[ 33%] Building CXX object CMakeFiles/grabber4.dir/grabber.cpp.o
[ 66%] Linking CXX executable grabber4
[100%] Built target grabber4
17:29:26 **** Incremental Build of configuration Default for project grabber4 ****
make all 
[100%] Built target grabber4
17:30:37 **** Incremental Build of configuration Default for project grabber4 ****
make all 
[100%] Built target grabber4
17:32:07 **** Incremental Build of configuration Default for project grabber4 ****
make all 
[100%] Built target grabber4
04:13:11 **** Incremental Build of configuration Default for project grabber4 ****
make all 
Scanning dependencies of target grabber4
[ 33%] Building CXX object CMakeFiles/grabber4.dir/grabber.cpp.o
[ 66%] Building CXX object CMakeFiles/grabber4.dir/utils.cpp.o
[100%] Linking CXX executable grabber4
[100%] Built target grabber4
04:15:52 **** Incremental Build of configuration Default for project grabber4 ****
make all 
[100%] Built target grabber4
04:21:30 **** Incremental Build of configuration Default for project grabber4 ****
make all 
Scanning dependencies of target grabber4
[ 33%] Building CXX object CMakeFiles/grabber4.dir/grabber.cpp.o
[ 66%] Linking CXX executable grabber4
[100%] Built target grabber4
04:25:11 **** Incremental Build of configuration Default for project grabber4 ****
make all 
Scanning dependencies of target grabber4
[ 33%] Building CXX object CMakeFiles/grabber4.dir/grabber.cpp.o
[ 66%] Linking CXX executable grabber4
[100%] Built target grabber4
15:27:50 **** Incremental Build of configuration Default for project grabber4 ****
make all 
Scanning dependencies of target grabber4
[ 33%] Building CXX object CMakeFiles/grabber4.dir/grabber.cpp.o
[ 66%] Linking CXX executable grabber4
[100%] Built target grabber4
20:15:59 **** Incremental Build of configuration Default for project grabber4 ****
make all 
Scanning dependencies of target grabber4
[ 33%] Building CXX object CMakeFiles/grabber4.dir/grabber.cpp.o
[ 66%] Linking CXX executable grabber4
[100%] Built target grabber4
