02:46:23 **** Clean-only build of configuration Default for project grabber4 ****
make clean 
02:47:30 **** Build of configuration Default for project grabber4 ****
make all 
[ 33%] Building CXX object CMakeFiles/grabber4.dir/grabber.cpp.o
[ 66%] Building CXX object CMakeFiles/grabber4.dir/utils.cpp.o
/home/pi/java_proj/gitHub/myFirstRepos/opencv/grabber4/utils.cpp: In function ‘void initApp(int, char**)’:
/home/pi/java_proj/gitHub/myFirstRepos/opencv/grabber4/utils.cpp:43:44: error: ‘headless’ was not declared in this scope
                 if (args[i] == "headless") headless = true;
                                            ^
make[2]: *** [CMakeFiles/grabber4.dir/utils.cpp.o] Error 1
CMakeFiles/grabber4.dir/build.make:86: recipe for target 'CMakeFiles/grabber4.dir/utils.cpp.o' failed
make[1]: *** [CMakeFiles/grabber4.dir/all] Error 2
CMakeFiles/Makefile2:67: recipe for target 'CMakeFiles/grabber4.dir/all' failed
make: *** [all] Error 2
Makefile:83: recipe for target 'all' failed
02:49:12 **** Incremental Build of configuration Default for project grabber4 ****
make all 
Scanning dependencies of target grabber4
[ 33%] Building CXX object CMakeFiles/grabber4.dir/grabber.cpp.o
[ 66%] Building CXX object CMakeFiles/grabber4.dir/utils.cpp.o
/home/pi/java_proj/gitHub/myFirstRepos/opencv/grabber4/utils.cpp: In function ‘void initApp(int, char**)’:
/home/pi/java_proj/gitHub/myFirstRepos/opencv/grabber4/utils.cpp:43:44: error: ‘isHeadless’ was not declared in this scope
                 if (args[i] == "headless") isHeadless = true;
                                            ^
CMakeFiles/grabber4.dir/build.make:86: recipe for target 'CMakeFiles/grabber4.dir/utils.cpp.o' failed
CMakeFiles/Makefile2:67: recipe for target 'CMakeFiles/grabber4.dir/all' failed
Makefile:83: recipe for target 'all' failed
make[2]: *** [CMakeFiles/grabber4.dir/utils.cpp.o] Error 1
make[1]: *** [CMakeFiles/grabber4.dir/all] Error 2
make: *** [all] Error 2
02:51:31 **** Incremental Build of configuration Default for project grabber4 ****
make all 
Scanning dependencies of target grabber4
[ 33%] Building CXX object CMakeFiles/grabber4.dir/utils.cpp.o
/home/pi/java_proj/gitHub/myFirstRepos/opencv/grabber4/utils.cpp: In function ‘void initApp(int, char**)’:
/home/pi/java_proj/gitHub/myFirstRepos/opencv/grabber4/utils.cpp:44:16: error: ‘isHeadless’ was not declared in this scope
                isHeadless = true;
                ^
CMakeFiles/grabber4.dir/build.make:86: recipe for target 'CMakeFiles/grabber4.dir/utils.cpp.o' failed
make[2]: *** [CMakeFiles/grabber4.dir/utils.cpp.o] Error 1
CMakeFiles/Makefile2:67: recipe for target 'CMakeFiles/grabber4.dir/all' failed
Makefile:83: recipe for target 'all' failed
make[1]: *** [CMakeFiles/grabber4.dir/all] Error 2
make: *** [all] Error 2
02:55:38 **** Incremental Build of configuration Default for project grabber4 ****
make all 
Scanning dependencies of target grabber4
[ 33%] Building CXX object CMakeFiles/grabber4.dir/grabber.cpp.o
In file included from /home/pi/java_proj/gitHub/myFirstRepos/opencv/grabber4/grabber.cpp:30:0:
/home/pi/java_proj/gitHub/myFirstRepos/opencv/grabber4/utils.hh:25:9: error: ISO C++ forbids declaration of ‘Utils’ with no type [-fpermissive]
   Utils();
         ^
/home/pi/java_proj/gitHub/myFirstRepos/opencv/grabber4/grabber.cpp: In function ‘int main(int, char**)’:
/home/pi/java_proj/gitHub/myFirstRepos/opencv/grabber4/grabber.cpp:47:5: error: ‘Utils’ was not declared in this scope
     Utils meUtils;
     ^
/home/pi/java_proj/gitHub/myFirstRepos/opencv/grabber4/grabber.cpp:49:5: error: ‘meUtils’ was not declared in this scope
     meUtils.initApp(argCnt, args);
     ^
/home/pi/java_proj/gitHub/myFirstRepos/opencv/grabber4/grabber.cpp:194:6: error: ‘Utils’ is not a class or namespace
      Utils::saveImageFile( saveFrame );
      ^
/home/pi/java_proj/gitHub/myFirstRepos/opencv/grabber4/grabber.cpp:231:32: error: ‘Utils’ is not a class or namespace
           string timeDateStr = Utils::getDateTimeStr();
                                ^
/home/pi/java_proj/gitHub/myFirstRepos/opencv/grabber4/grabber.cpp:232:5: error: ‘Utils’ is not a class or namespace
     Utils::saveImageFile( frameCam1, "c1", line18cnt , timeDateStr);
     ^
/home/pi/java_proj/gitHub/myFirstRepos/opencv/grabber4/grabber.cpp:233:5: error: ‘Utils’ is not a class or namespace
     Utils::saveImageFile( frameCam2, "c2", line18cnt , timeDateStr);
     ^
/home/pi/java_proj/gitHub/myFirstRepos/opencv/grabber4/grabber.cpp:234:5: error: ‘Utils’ is not a class or namespace
     Utils::saveImageFile( frameCam2_cor, "c2eq", line18cnt , timeDateStr);
     ^
CMakeFiles/grabber4.dir/build.make:62: recipe for target 'CMakeFiles/grabber4.dir/grabber.cpp.o' failed
make[2]: *** [CMakeFiles/grabber4.dir/grabber.cpp.o] Error 1
CMakeFiles/Makefile2:67: recipe for target 'CMakeFiles/grabber4.dir/all' failed
make[1]: *** [CMakeFiles/grabber4.dir/all] Error 2
Makefile:83: recipe for target 'all' failed
make: *** [all] Error 2
02:56:22 **** Incremental Build of configuration Default for project grabber4 ****
make all 
Scanning dependencies of target grabber4
[ 33%] Building CXX object CMakeFiles/grabber4.dir/grabber.cpp.o
/home/pi/java_proj/gitHub/myFirstRepos/opencv/grabber4/grabber.cpp: In function ‘int main(int, char**)’:
/home/pi/java_proj/gitHub/myFirstRepos/opencv/grabber4/grabber.cpp:47:5: error: ‘Utils’ was not declared in this scope
     Utils meUtils;
     ^
/home/pi/java_proj/gitHub/myFirstRepos/opencv/grabber4/grabber.cpp:49:5: error: ‘meUtils’ was not declared in this scope
     meUtils.initApp(argCnt, args);
     ^
/home/pi/java_proj/gitHub/myFirstRepos/opencv/grabber4/grabber.cpp:194:6: error: ‘Utils’ is not a class or namespace
      Utils::saveImageFile( saveFrame );
      ^
/home/pi/java_proj/gitHub/myFirstRepos/opencv/grabber4/grabber.cpp:231:32: error: ‘Utils’ is not a class or namespace
           string timeDateStr = Utils::getDateTimeStr();
                                ^
/home/pi/java_proj/gitHub/myFirstRepos/opencv/grabber4/grabber.cpp:232:5: error: ‘Utils’ is not a class or namespace
     Utils::saveImageFile( frameCam1, "c1", line18cnt , timeDateStr);
     ^
/home/pi/java_proj/gitHub/myFirstRepos/opencv/grabber4/grabber.cpp:233:5: error: ‘Utils’ is not a class or namespace
     Utils::saveImageFile( frameCam2, "c2", line18cnt , timeDateStr);
     ^
/home/pi/java_proj/gitHub/myFirstRepos/opencv/grabber4/grabber.cpp:234:5: error: ‘Utils’ is not a class or namespace
     Utils::saveImageFile( frameCam2_cor, "c2eq", line18cnt , timeDateStr);
     ^
CMakeFiles/grabber4.dir/build.make:62: recipe for target 'CMakeFiles/grabber4.dir/grabber.cpp.o' failed
make[2]: *** [CMakeFiles/grabber4.dir/grabber.cpp.o] Error 1
make[1]: *** [CMakeFiles/grabber4.dir/all] Error 2
make: *** [all] Error 2
CMakeFiles/Makefile2:67: recipe for target 'CMakeFiles/grabber4.dir/all' failed
Makefile:83: recipe for target 'all' failed
02:58:06 **** Incremental Build of configuration Default for project grabber4 ****
make all 
Scanning dependencies of target grabber4
[ 33%] Building CXX object CMakeFiles/grabber4.dir/grabber.cpp.o
/home/pi/java_proj/gitHub/myFirstRepos/opencv/grabber4/grabber.cpp: In function ‘int main(int, char**)’:
/home/pi/java_proj/gitHub/myFirstRepos/opencv/grabber4/grabber.cpp:47:5: error: ‘Utils’ was not declared in this scope
     Utils meUtils;
     ^
/home/pi/java_proj/gitHub/myFirstRepos/opencv/grabber4/grabber.cpp:49:5: error: ‘meUtils’ was not declared in this scope
     meUtils.initApp(argCnt, args);
     ^
/home/pi/java_proj/gitHub/myFirstRepos/opencv/grabber4/grabber.cpp:194:6: error: ‘meUtil’ was not declared in this scope
      meUtil.saveImageFile( saveFrame );
      ^
/home/pi/java_proj/gitHub/myFirstRepos/opencv/grabber4/grabber.cpp:231:32: error: ‘Utils’ is not a class or namespace
           string timeDateStr = Utils::getDateTimeStr();
                                ^
/home/pi/java_proj/gitHub/myFirstRepos/opencv/grabber4/grabber.cpp:232:5: error: ‘meUtil’ was not declared in this scope
     meUtil.saveImageFile( frameCam1, "c1", line18cnt , timeDateStr);
     ^
CMakeFiles/grabber4.dir/build.make:62: recipe for target 'CMakeFiles/grabber4.dir/grabber.cpp.o' failed
make[2]: *** [CMakeFiles/grabber4.dir/grabber.cpp.o] Error 1
CMakeFiles/Makefile2:67: recipe for target 'CMakeFiles/grabber4.dir/all' failed
make[1]: *** [CMakeFiles/grabber4.dir/all] Error 2
Makefile:83: recipe for target 'all' failed
make: *** [all] Error 2
03:02:21 **** Incremental Build of configuration Default for project grabber4 ****
make all 
Scanning dependencies of target grabber4
[ 33%] Building CXX object CMakeFiles/grabber4.dir/grabber.cpp.o
In file included from /home/pi/java_proj/gitHub/myFirstRepos/opencv/grabber4/grabber.cpp:30:0:
/home/pi/java_proj/gitHub/myFirstRepos/opencv/grabber4/utils.hh:25:8: error: ISO C++ forbids declaration of ‘Utils’ with no type [-fpermissive]
  Utils();
        ^
/home/pi/java_proj/gitHub/myFirstRepos/opencv/grabber4/grabber.cpp: In function ‘int main(int, char**)’:
/home/pi/java_proj/gitHub/myFirstRepos/opencv/grabber4/grabber.cpp:47:5: error: ‘Utils’ was not declared in this scope
     Utils meUtils;
     ^
/home/pi/java_proj/gitHub/myFirstRepos/opencv/grabber4/grabber.cpp:49:5: error: ‘meUtils’ was not declared in this scope
     meUtils.initApp(argCnt, args);
     ^
/home/pi/java_proj/gitHub/myFirstRepos/opencv/grabber4/grabber.cpp:194:6: error: ‘meUtil’ was not declared in this scope
      meUtil.saveImageFile( saveFrame );
      ^
/home/pi/java_proj/gitHub/myFirstRepos/opencv/grabber4/grabber.cpp:231:32: error: ‘Utils’ is not a class or namespace
           string timeDateStr = Utils::getDateTimeStr();
                                ^
/home/pi/java_proj/gitHub/myFirstRepos/opencv/grabber4/grabber.cpp:232:5: error: ‘meUtil’ was not declared in this scope
     meUtil.saveImageFile( frameCam1, "c1", line18cnt , timeDateStr);
     ^
make[2]: *** [CMakeFiles/grabber4.dir/grabber.cpp.o] Error 1
CMakeFiles/grabber4.dir/build.make:62: recipe for target 'CMakeFiles/grabber4.dir/grabber.cpp.o' failed
CMakeFiles/Makefile2:67: recipe for target 'CMakeFiles/grabber4.dir/all' failed
Makefile:83: recipe for target 'all' failed
make[1]: *** [CMakeFiles/grabber4.dir/all] Error 2
make: *** [all] Error 2
03:03:45 **** Incremental Build of configuration Default for project grabber4 ****
make all 
Scanning dependencies of target grabber4
[ 33%] Building CXX object CMakeFiles/grabber4.dir/grabber.cpp.o
/home/pi/java_proj/gitHub/myFirstRepos/opencv/grabber4/grabber.cpp: In function ‘int main(int, char**)’:
/home/pi/java_proj/gitHub/myFirstRepos/opencv/grabber4/grabber.cpp:194:6: error: ‘meUtil’ was not declared in this scope
      meUtil.saveImageFile( saveFrame );
      ^
/home/pi/java_proj/gitHub/myFirstRepos/opencv/grabber4/grabber.cpp:231:54: error: cannot call member function ‘std::string Utils::getDateTimeStr()’ without object
           string timeDateStr = Utils::getDateTimeStr();
                                                      ^
/home/pi/java_proj/gitHub/myFirstRepos/opencv/grabber4/grabber.cpp:232:5: error: ‘meUtil’ was not declared in this scope
     meUtil.saveImageFile( frameCam1, "c1", line18cnt , timeDateStr);
     ^
make[2]: *** [CMakeFiles/grabber4.dir/grabber.cpp.o] Error 1
CMakeFiles/grabber4.dir/build.make:62: recipe for target 'CMakeFiles/grabber4.dir/grabber.cpp.o' failed
make[1]: *** [CMakeFiles/grabber4.dir/all] Error 2
CMakeFiles/Makefile2:67: recipe for target 'CMakeFiles/grabber4.dir/all' failed
Makefile:83: recipe for target 'all' failed
make: *** [all] Error 2
03:05:39 **** Incremental Build of configuration Default for project grabber4 ****
make all 
Scanning dependencies of target grabber4
[ 33%] Building CXX object CMakeFiles/grabber4.dir/grabber.cpp.o
/home/pi/java_proj/gitHub/myFirstRepos/opencv/grabber4/grabber.cpp: In function ‘int main(int, char**)’:
/home/pi/java_proj/gitHub/myFirstRepos/opencv/grabber4/grabber.cpp:231:32: error: ‘meUtil’ was not declared in this scope
           string timeDateStr = meUtil.getDateTimeStr();
                                ^
make[2]: *** [CMakeFiles/grabber4.dir/grabber.cpp.o] Error 1
CMakeFiles/grabber4.dir/build.make:62: recipe for target 'CMakeFiles/grabber4.dir/grabber.cpp.o' failed
make[1]: *** [CMakeFiles/grabber4.dir/all] Error 2
CMakeFiles/Makefile2:67: recipe for target 'CMakeFiles/grabber4.dir/all' failed
Makefile:83: recipe for target 'all' failed
make: *** [all] Error 2
03:07:08 **** Incremental Build of configuration Default for project grabber4 ****
make all 
Scanning dependencies of target grabber4
[ 33%] Building CXX object CMakeFiles/grabber4.dir/grabber.cpp.o
[ 66%] Building CXX object CMakeFiles/grabber4.dir/utils.cpp.o
/home/pi/java_proj/gitHub/myFirstRepos/opencv/grabber4/utils.cpp:21:7: error: redefinition of ‘class Utils’
 class Utils
       ^
In file included from /home/pi/java_proj/gitHub/myFirstRepos/opencv/grabber4/utils.cpp:15:0:
/home/pi/java_proj/gitHub/myFirstRepos/opencv/grabber4/utils.hh:21:7: error: previous definition of ‘class Utils’
 class Utils
       ^
CMakeFiles/grabber4.dir/build.make:86: recipe for target 'CMakeFiles/grabber4.dir/utils.cpp.o' failed
make[2]: *** [CMakeFiles/grabber4.dir/utils.cpp.o] Error 1
CMakeFiles/Makefile2:67: recipe for target 'CMakeFiles/grabber4.dir/all' failed
make[1]: *** [CMakeFiles/grabber4.dir/all] Error 2
Makefile:83: recipe for target 'all' failed
make: *** [all] Error 2
03:08:26 **** Incremental Build of configuration Default for project grabber4 ****
make all 
Scanning dependencies of target grabber4
[ 33%] Building CXX object CMakeFiles/grabber4.dir/utils.cpp.o
/home/pi/java_proj/gitHub/myFirstRepos/opencv/grabber4/utils.cpp: In function ‘void initApp(int, char**)’:
/home/pi/java_proj/gitHub/myFirstRepos/opencv/grabber4/utils.cpp:43:44: error: ‘isHeadless’ was not declared in this scope
                 if (args[i] == "headless") isHeadless = true;
                                            ^
make[2]: *** [CMakeFiles/grabber4.dir/utils.cpp.o] Error 1
CMakeFiles/grabber4.dir/build.make:86: recipe for target 'CMakeFiles/grabber4.dir/utils.cpp.o' failed
make[1]: *** [CMakeFiles/grabber4.dir/all] Error 2
CMakeFiles/Makefile2:67: recipe for target 'CMakeFiles/grabber4.dir/all' failed
make: *** [all] Error 2
Makefile:83: recipe for target 'all' failed
03:10:26 **** Incremental Build of configuration Default for project grabber4 ****
make all 
Scanning dependencies of target grabber4
[ 33%] Building CXX object CMakeFiles/grabber4.dir/grabber.cpp.o
In file included from /home/pi/java_proj/gitHub/myFirstRepos/opencv/grabber4/grabber.cpp:30:0:
/home/pi/java_proj/gitHub/myFirstRepos/opencv/grabber4/utils.hh:35:24: warning: non-static data member initializers only available with -std=c++11 or -std=gnu++11
      bool isHeadless = false;
                        ^
[ 66%] Building CXX object CMakeFiles/grabber4.dir/utils.cpp.o
In file included from /home/pi/java_proj/gitHub/myFirstRepos/opencv/grabber4/utils.cpp:15:0:
/home/pi/java_proj/gitHub/myFirstRepos/opencv/grabber4/utils.hh:35:24: warning: non-static data member initializers only available with -std=c++11 or -std=gnu++11
      bool isHeadless = false;
                        ^
/home/pi/java_proj/gitHub/myFirstRepos/opencv/grabber4/utils.cpp: In function ‘void initApp(int, char**)’:
/home/pi/java_proj/gitHub/myFirstRepos/opencv/grabber4/utils.cpp:43:44: error: ‘isHeadless’ was not declared in this scope
                 if (args[i] == "headless") isHeadless = true;
                                            ^
CMakeFiles/grabber4.dir/build.make:86: recipe for target 'CMakeFiles/grabber4.dir/utils.cpp.o' failed
make[2]: *** [CMakeFiles/grabber4.dir/utils.cpp.o] Error 1
CMakeFiles/Makefile2:67: recipe for target 'CMakeFiles/grabber4.dir/all' failed
make[1]: *** [CMakeFiles/grabber4.dir/all] Error 2
Makefile:83: recipe for target 'all' failed
make: *** [all] Error 2
03:12:29 **** Incremental Build of configuration Default for project grabber4 ****
make all 
Scanning dependencies of target grabber4
[ 33%] Building CXX object CMakeFiles/grabber4.dir/grabber.cpp.o
[ 66%] Building CXX object CMakeFiles/grabber4.dir/utils.cpp.o
[100%] Linking CXX executable grabber4
[100%] Built target grabber4
04:14:45 **** Incremental Build of configuration Default for project grabber4 ****
make all 
Scanning dependencies of target grabber4
[ 33%] Building CXX object CMakeFiles/grabber4.dir/grabber.cpp.o
In file included from /home/pi/java_proj/gitHub/myFirstRepos/opencv/grabber4/grabber.cpp:30:0:
/home/pi/java_proj/gitHub/myFirstRepos/opencv/grabber4/utils.hh: In member function ‘bool Utils::isHeadless()’:
/home/pi/java_proj/gitHub/myFirstRepos/opencv/grabber4/utils.hh:32:36: error: cannot convert ‘Utils::isHeadless’ from type ‘bool (Utils::)()’ to type ‘bool’
         bool isHeadless() { return isHeadless; }
                                    ^
make[2]: *** [CMakeFiles/grabber4.dir/grabber.cpp.o] Error 1
CMakeFiles/grabber4.dir/build.make:62: recipe for target 'CMakeFiles/grabber4.dir/grabber.cpp.o' failed
make[1]: *** [CMakeFiles/grabber4.dir/all] Error 2
CMakeFiles/Makefile2:67: recipe for target 'CMakeFiles/grabber4.dir/all' failed
Makefile:83: recipe for target 'all' failed
make: *** [all] Error 2
04:15:17 **** Incremental Build of configuration Default for project grabber4 ****
make all 
Scanning dependencies of target grabber4
[ 33%] Building CXX object CMakeFiles/grabber4.dir/grabber.cpp.o
[ 66%] Building CXX object CMakeFiles/grabber4.dir/utils.cpp.o
/home/pi/java_proj/gitHub/myFirstRepos/opencv/grabber4/utils.cpp: In constructor ‘Utils::Utils()’:
/home/pi/java_proj/gitHub/myFirstRepos/opencv/grabber4/utils.cpp:24:18: error: invalid use of member function (did you forget the ‘()’ ?)
       isHeadless = false;
                  ^
make[2]: *** [CMakeFiles/grabber4.dir/utils.cpp.o] Error 1
CMakeFiles/grabber4.dir/build.make:86: recipe for target 'CMakeFiles/grabber4.dir/utils.cpp.o' failed
CMakeFiles/Makefile2:67: recipe for target 'CMakeFiles/grabber4.dir/all' failed
Makefile:83: recipe for target 'all' failed
make[1]: *** [CMakeFiles/grabber4.dir/all] Error 2
make: *** [all] Error 2
04:15:52 **** Incremental Build of configuration Default for project grabber4 ****
make all 
Scanning dependencies of target grabber4
[ 33%] Building CXX object CMakeFiles/grabber4.dir/utils.cpp.o
[ 66%] Linking CXX executable grabber4
[100%] Built target grabber4
04:19:10 **** Incremental Build of configuration Default for project grabber4 ****
make all 
Scanning dependencies of target grabber4
[ 33%] Building CXX object CMakeFiles/grabber4.dir/utils.cpp.o
/home/pi/java_proj/gitHub/myFirstRepos/opencv/grabber4/utils.cpp: In member function ‘void Utils::initApp(int, char**)’:
/home/pi/java_proj/gitHub/myFirstRepos/opencv/grabber4/utils.cpp:45:55: error: ISO C++ forbids comparison between pointer and integer [-fpermissive]
                 if (strcmp( args[i],  "headless")  == "headless")
                                                       ^
make[2]: *** [CMakeFiles/grabber4.dir/utils.cpp.o] Error 1
CMakeFiles/grabber4.dir/build.make:86: recipe for target 'CMakeFiles/grabber4.dir/utils.cpp.o' failed
make[1]: *** [CMakeFiles/grabber4.dir/all] Error 2
CMakeFiles/Makefile2:67: recipe for target 'CMakeFiles/grabber4.dir/all' failed
make: *** [all] Error 2
Makefile:83: recipe for target 'all' failed
04:21:25 **** Incremental Build of configuration Default for project grabber4 ****
make all 
Scanning dependencies of target grabber4
[ 33%] Building CXX object CMakeFiles/grabber4.dir/utils.cpp.o
[ 66%] Linking CXX executable grabber4
[100%] Built target grabber4
04:22:33 **** Incremental Build of configuration Default for project grabber4 ****
make all 
[100%] Built target grabber4
07:31:07 **** Incremental Build of configuration Default for project grabber4 ****
make all 
Scanning dependencies of target grabber4
[ 33%] Building CXX object CMakeFiles/grabber4.dir/grabber.cpp.o
[ 66%] Building CXX object CMakeFiles/grabber4.dir/utils.cpp.o
/home/pi/java_proj/gitHub/myFirstRepos/opencv/grabber4/utils.cpp:54:14: error: redefinition of ‘bool Utils::isHeadless()’
         bool Utils::isHeadless()
              ^
In file included from /home/pi/java_proj/gitHub/myFirstRepos/opencv/grabber4/utils.cpp:16:0:
/home/pi/java_proj/gitHub/myFirstRepos/opencv/grabber4/utils.hh:32:14: note: ‘bool Utils::isHeadless()’ previously defined here
         bool isHeadless() { return headless; }
              ^
CMakeFiles/grabber4.dir/build.make:86: recipe for target 'CMakeFiles/grabber4.dir/utils.cpp.o' failed
make[2]: *** [CMakeFiles/grabber4.dir/utils.cpp.o] Error 1
CMakeFiles/Makefile2:67: recipe for target 'CMakeFiles/grabber4.dir/all' failed
make[1]: *** [CMakeFiles/grabber4.dir/all] Error 2
Makefile:83: recipe for target 'all' failed
make: *** [all] Error 2
07:31:50 **** Incremental Build of configuration Default for project grabber4 ****
make all 
Scanning dependencies of target grabber4
[ 33%] Building CXX object CMakeFiles/grabber4.dir/grabber.cpp.o
[ 66%] Building CXX object CMakeFiles/grabber4.dir/utils.cpp.o
[100%] Linking CXX executable grabber4
[100%] Built target grabber4
07:33:03 **** Incremental Build of configuration Default for project grabber4 ****
make all 
Scanning dependencies of target grabber4
[ 33%] Building CXX object CMakeFiles/grabber4.dir/utils.cpp.o
[ 66%] Linking CXX executable grabber4
[100%] Built target grabber4
13:13:16 **** Incremental Build of configuration Default for project grabber4 ****
make all 
[100%] Built target grabber4
15:52:36 **** Incremental Build of configuration Default for project grabber4 ****
make all 
[100%] Built target grabber4
02:59:56 **** Incremental Build of configuration Default for project grabber4 ****
make all 
Scanning dependencies of target grabber4
[ 33%] Building CXX object CMakeFiles/grabber4.dir/grabber.cpp.o
[ 66%] Linking CXX executable grabber4
[100%] Built target grabber4
21:42:54 **** Incremental Build of configuration Default for project grabber4 ****
make all 
[100%] Built target grabber4
05:18:04 **** Incremental Build of configuration Default for project grabber4 ****
make all 
Scanning dependencies of target grabber4
[ 33%] Building CXX object CMakeFiles/grabber4.dir/grabber.cpp.o
[ 66%] Linking CXX executable grabber4
[100%] Built target grabber4
05:21:25 **** Incremental Build of configuration Default for project grabber4 ****
make all 
Scanning dependencies of target grabber4
[ 33%] Building CXX object CMakeFiles/grabber4.dir/grabber.cpp.o
[ 66%] Linking CXX executable grabber4
[100%] Built target grabber4
05:25:18 **** Incremental Build of configuration Default for project grabber4 ****
make all 
Scanning dependencies of target grabber4
[ 33%] Building CXX object CMakeFiles/grabber4.dir/grabber.cpp.o
/home/pi/java_proj/gitHub/myFirstRepos/opencv/grabber4/grabber.cpp:263:20: error: expected constructor, destructor, or type conversion before ‘;’ token
     gpioTerminate();
                    ^
/home/pi/java_proj/gitHub/myFirstRepos/opencv/grabber4/grabber.cpp:265:5: error: ‘cout’ does not name a type
     cout << "Little grabber stopped.  Enjoy the day!\n";
     ^
/home/pi/java_proj/gitHub/myFirstRepos/opencv/grabber4/grabber.cpp:266:5: error: expected unqualified-id before ‘return’
     return 0;
     ^
/home/pi/java_proj/gitHub/myFirstRepos/opencv/grabber4/grabber.cpp:267:1: error: expected declaration before ‘}’ token
 }
 ^
CMakeFiles/grabber4.dir/build.make:62: recipe for target 'CMakeFiles/grabber4.dir/grabber.cpp.o' failed
CMakeFiles/Makefile2:67: recipe for target 'CMakeFiles/grabber4.dir/all' failed
make[2]: *** [CMakeFiles/grabber4.dir/grabber.cpp.o] Error 1
Makefile:83: recipe for target 'all' failed
make[1]: *** [CMakeFiles/grabber4.dir/all] Error 2
make: *** [all] Error 2
05:26:20 **** Incremental Build of configuration Default for project grabber4 ****
make all 
Scanning dependencies of target grabber4
[ 33%] Building CXX object CMakeFiles/grabber4.dir/grabber.cpp.o
/home/pi/java_proj/gitHub/myFirstRepos/opencv/grabber4/grabber.cpp:257:20: error: expected constructor, destructor, or type conversion before ‘;’ token
     gpioTerminate();
                    ^
/home/pi/java_proj/gitHub/myFirstRepos/opencv/grabber4/grabber.cpp:259:5: error: ‘cout’ does not name a type
     cout << "Little grabber stopped.  Enjoy the day!\n";
     ^
/home/pi/java_proj/gitHub/myFirstRepos/opencv/grabber4/grabber.cpp:260:5: error: expected unqualified-id before ‘return’
     return 0;
     ^
/home/pi/java_proj/gitHub/myFirstRepos/opencv/grabber4/grabber.cpp:261:1: error: expected declaration before ‘}’ token
 }
 ^
CMakeFiles/grabber4.dir/build.make:62: recipe for target 'CMakeFiles/grabber4.dir/grabber.cpp.o' failed
make[2]: *** [CMakeFiles/grabber4.dir/grabber.cpp.o] Error 1
CMakeFiles/Makefile2:67: recipe for target 'CMakeFiles/grabber4.dir/all' failed
make[1]: *** [CMakeFiles/grabber4.dir/all] Error 2
make: *** [all] Error 2
Makefile:83: recipe for target 'all' failed
05:27:37 **** Incremental Build of configuration Default for project grabber4 ****
make all 
Scanning dependencies of target grabber4
[ 33%] Building CXX object CMakeFiles/grabber4.dir/grabber.cpp.o
/home/pi/java_proj/gitHub/myFirstRepos/opencv/grabber4/grabber.cpp:259:20: error: expected constructor, destructor, or type conversion before ‘;’ token
     gpioTerminate();
                    ^
/home/pi/java_proj/gitHub/myFirstRepos/opencv/grabber4/grabber.cpp:261:5: error: ‘cout’ does not name a type
     cout << "Little grabber stopped.  Enjoy the day!\n";
     ^
/home/pi/java_proj/gitHub/myFirstRepos/opencv/grabber4/grabber.cpp:262:5: error: expected unqualified-id before ‘return’
     return 0;
     ^
/home/pi/java_proj/gitHub/myFirstRepos/opencv/grabber4/grabber.cpp:263:1: error: expected declaration before ‘}’ token
 }
 ^
make[2]: *** [CMakeFiles/grabber4.dir/grabber.cpp.o] Error 1
CMakeFiles/grabber4.dir/build.make:62: recipe for target 'CMakeFiles/grabber4.dir/grabber.cpp.o' failed
make[1]: *** [CMakeFiles/grabber4.dir/all] Error 2
CMakeFiles/Makefile2:67: recipe for target 'CMakeFiles/grabber4.dir/all' failed
Makefile:83: recipe for target 'all' failed
make: *** [all] Error 2
05:29:07 **** Incremental Build of configuration Default for project grabber4 ****
make all 
Scanning dependencies of target grabber4
[ 33%] Building CXX object CMakeFiles/grabber4.dir/grabber.cpp.o
[ 66%] Linking CXX executable grabber4
[100%] Built target grabber4
05:35:55 **** Incremental Build of configuration Default for project grabber4 ****
make all 
Scanning dependencies of target grabber4
[ 33%] Building CXX object CMakeFiles/grabber4.dir/grabber.cpp.o
[ 66%] Linking CXX executable grabber4
[100%] Built target grabber4
04:24:27 **** Incremental Build of configuration Default for project grabber4 ****
make all 
Scanning dependencies of target grabber4
[ 33%] Building CXX object CMakeFiles/grabber4.dir/grabber.cpp.o
[ 66%] Linking CXX executable grabber4
[100%] Built target grabber4
18:06:35 **** Incremental Build of configuration Default for project grabber4 ****
make all 
[100%] Built target grabber4
18:09:43 **** Incremental Build of configuration Default for project grabber4 ****
make all 
[100%] Built target grabber4
20:06:44 **** Incremental Build of configuration Default for project grabber4 ****
make all 
Scanning dependencies of target grabber4
[ 33%] Building CXX object CMakeFiles/grabber4.dir/grabber.cpp.o
[ 66%] Linking CXX executable grabber4
[100%] Built target grabber4
16:11:20 **** Incremental Build of configuration Default for project grabber4 ****
make all 
[100%] Built target grabber4
16:15:00 **** Incremental Build of configuration Default for project grabber4 ****
make all 
[100%] Built target grabber4
16:16:34 **** Incremental Build of configuration Default for project grabber4 ****
make all 
[100%] Built target grabber4
16:16:35 **** Incremental Build of configuration Default for project grabber4 ****
make all 
[100%] Built target grabber4
16:18:56 **** Incremental Build of configuration Default for project grabber4 ****
make all 
[100%] Built target grabber4
16:22:20 **** Incremental Build of configuration Default for project grabber4 ****
make all 
Scanning dependencies of target grabber4
[ 33%] Building CXX object CMakeFiles/grabber4.dir/utils.cpp.o
[ 66%] Linking CXX executable grabber4
[100%] Built target grabber4
16:26:28 **** Incremental Build of configuration Default for project grabber4 ****
make all 
[100%] Built target grabber4
16:29:30 **** Incremental Build of configuration Default for project grabber4 ****
make all 
Scanning dependencies of target grabber4
[ 33%] Building CXX object CMakeFiles/grabber4.dir/grabber.cpp.o
[ 66%] Linking CXX executable grabber4
[100%] Built target grabber4
16:31:05 **** Incremental Build of configuration Default for project grabber4 ****
make all 
[100%] Built target grabber4
16:32:26 **** Incremental Build of configuration Default for project grabber4 ****
make all 
Scanning dependencies of target grabber4
[ 33%] Building CXX object CMakeFiles/grabber4.dir/utils.cpp.o
[ 66%] Linking CXX executable grabber4
[100%] Built target grabber4
16:33:02 **** Incremental Build of configuration Default for project grabber4 ****
make all 
[100%] Built target grabber4
16:36:22 **** Incremental Build of configuration Default for project grabber4 ****
make all 
Scanning dependencies of target grabber4
[ 33%] Building CXX object CMakeFiles/grabber4.dir/utils.cpp.o
[ 66%] Linking CXX executable grabber4
[100%] Built target grabber4
16:37:00 **** Incremental Build of configuration Default for project grabber4 ****
make all 
[100%] Built target grabber4
16:39:18 **** Incremental Build of configuration Default for project grabber4 ****
make all 
Scanning dependencies of target grabber4
[ 33%] Building CXX object CMakeFiles/grabber4.dir/utils.cpp.o
[ 66%] Linking CXX executable grabber4
[100%] Built target grabber4
16:39:41 **** Incremental Build of configuration Default for project grabber4 ****
make all 
[100%] Built target grabber4
16:41:06 **** Clean-only build of configuration Default for project grabber4 ****
make clean 
16:41:13 **** Build of configuration Default for project grabber4 ****
make all 
Scanning dependencies of target grabber4
[ 33%] Building CXX object CMakeFiles/grabber4.dir/grabber.cpp.o
[ 66%] Building CXX object CMakeFiles/grabber4.dir/utils.cpp.o
[100%] Linking CXX executable grabber4
[100%] Built target grabber4
16:47:04 **** Incremental Build of configuration Default for project grabber4 ****
make all 
Scanning dependencies of target grabber4
[ 33%] Building CXX object CMakeFiles/grabber4.dir/utils.cpp.o
[ 66%] Linking CXX executable grabber4
[100%] Built target grabber4
16:48:21 **** Incremental Build of configuration Default for project grabber4 ****
make all 
Scanning dependencies of target grabber4
[ 33%] Building CXX object CMakeFiles/grabber4.dir/utils.cpp.o
[ 66%] Linking CXX executable grabber4
[100%] Built target grabber4
16:49:02 **** Incremental Build of configuration Default for project grabber4 ****
make all 
[100%] Built target grabber4
16:57:58 **** Incremental Build of configuration Default for project grabber4 ****
make all 
Scanning dependencies of target grabber4
[ 33%] Building CXX object CMakeFiles/grabber4.dir/utils.cpp.o
[ 66%] Linking CXX executable grabber4
[100%] Built target grabber4
16:58:12 **** Incremental Build of configuration Default for project grabber4 ****
make all 
[100%] Built target grabber4
16:58:41 **** Incremental Build of configuration Default for project grabber4 ****
make all 
[100%] Built target grabber4
16:59:12 **** Incremental Build of configuration Default for project grabber4 ****
make all 
[100%] Built target grabber4
16:59:14 **** Incremental Build of configuration Default for project grabber4 ****
make all 
[100%] Built target grabber4
16:59:15 **** Incremental Build of configuration Default for project grabber4 ****
make all 
[100%] Built target grabber4
17:06:57 **** Incremental Build of configuration Default for project grabber4 ****
make all 
[100%] Built target grabber4
19:36:56 **** Incremental Build of configuration Default for project grabber4 ****
make all 
[100%] Built target grabber4
20:22:06 **** Incremental Build of configuration Default for project grabber4 ****
make all 
[100%] Built target grabber4
09:02:14 **** Incremental Build of configuration Default for project grabber4 ****
make all 
Scanning dependencies of target grabber4
[ 33%] Building CXX object CMakeFiles/grabber4.dir/grabber.cpp.o
[ 66%] Linking CXX executable grabber4
[100%] Built target grabber4
